<?xml version="1.0" encoding="UTF-8"?>
<testsuite xmlns:xsi="http://www.w3.org/2001/XMLSchema-instance" xsi:noNamespaceSchemaLocation="https://maven.apache.org/surefire/maven-surefire-plugin/xsd/surefire-test-report-3.0.xsd" version="3.0" name="org.example.AppTest" time="480.919" tests="13" errors="1" skipped="0" failures="0">
  <properties>
    <property name="java.specification.version" value="18"/>
    <property name="sun.cpu.isalist" value="amd64"/>
    <property name="sun.jnu.encoding" value="Cp1252"/>
    <property name="java.class.path" value="C:\Users\eyam\repos\JavaFramework\target\test-classes;C:\Users\eyam\repos\JavaFramework\target\classes;C:\Users\eyam\.m2\repository\org\junit\jupiter\junit-jupiter-api\5.9.2\junit-jupiter-api-5.9.2.jar;C:\Users\eyam\.m2\repository\org\opentest4j\opentest4j\1.2.0\opentest4j-1.2.0.jar;C:\Users\eyam\.m2\repository\org\junit\platform\junit-platform-commons\1.9.2\junit-platform-commons-1.9.2.jar;C:\Users\eyam\.m2\repository\org\apiguardian\apiguardian-api\1.1.2\apiguardian-api-1.1.2.jar;C:\Users\eyam\.m2\repository\org\junit\platform\junit-platform-suite\1.9.2\junit-platform-suite-1.9.2.jar;C:\Users\eyam\.m2\repository\org\junit\platform\junit-platform-suite-api\1.9.2\junit-platform-suite-api-1.9.2.jar;C:\Users\eyam\.m2\repository\org\junit\platform\junit-platform-suite-engine\1.9.2\junit-platform-suite-engine-1.9.2.jar;C:\Users\eyam\.m2\repository\org\junit\platform\junit-platform-suite-commons\1.9.2\junit-platform-suite-commons-1.9.2.jar;C:\Users\eyam\.m2\repository\org\junit\platform\junit-platform-launcher\1.9.2\junit-platform-launcher-1.9.2.jar;C:\Users\eyam\.m2\repository\org\junit\jupiter\junit-jupiter-engine\5.9.2\junit-jupiter-engine-5.9.2.jar;C:\Users\eyam\.m2\repository\org\junit\platform\junit-platform-engine\1.9.2\junit-platform-engine-1.9.2.jar;C:\Users\eyam\.m2\repository\org\seleniumhq\selenium\selenium-java\4.8.3\selenium-java-4.8.3.jar;C:\Users\eyam\.m2\repository\org\seleniumhq\selenium\selenium-api\4.8.3\selenium-api-4.8.3.jar;C:\Users\eyam\.m2\repository\org\seleniumhq\selenium\selenium-chrome-driver\4.8.3\selenium-chrome-driver-4.8.3.jar;C:\Users\eyam\.m2\repository\com\google\auto\service\auto-service-annotations\1.0.1\auto-service-annotations-1.0.1.jar;C:\Users\eyam\.m2\repository\com\google\auto\service\auto-service\1.0.1\auto-service-1.0.1.jar;C:\Users\eyam\.m2\repository\com\google\auto\auto-common\1.2\auto-common-1.2.jar;C:\Users\eyam\.m2\repository\com\google\guava\guava\31.1-jre\guava-31.1-jre.jar;C:\Users\eyam\.m2\repository\com\google\guava\failureaccess\1.0.1\failureaccess-1.0.1.jar;C:\Users\eyam\.m2\repository\com\google\guava\listenablefuture\9999.0-empty-to-avoid-conflict-with-guava\listenablefuture-9999.0-empty-to-avoid-conflict-with-guava.jar;C:\Users\eyam\.m2\repository\com\google\code\findbugs\jsr305\3.0.2\jsr305-3.0.2.jar;C:\Users\eyam\.m2\repository\org\checkerframework\checker-qual\3.12.0\checker-qual-3.12.0.jar;C:\Users\eyam\.m2\repository\com\google\errorprone\error_prone_annotations\2.11.0\error_prone_annotations-2.11.0.jar;C:\Users\eyam\.m2\repository\com\google\j2objc\j2objc-annotations\1.3\j2objc-annotations-1.3.jar;C:\Users\eyam\.m2\repository\org\seleniumhq\selenium\selenium-chromium-driver\4.8.3\selenium-chromium-driver-4.8.3.jar;C:\Users\eyam\.m2\repository\org\seleniumhq\selenium\selenium-json\4.8.3\selenium-json-4.8.3.jar;C:\Users\eyam\.m2\repository\org\seleniumhq\selenium\selenium-manager\4.8.3\selenium-manager-4.8.3.jar;C:\Users\eyam\.m2\repository\org\seleniumhq\selenium\selenium-devtools-v109\4.8.3\selenium-devtools-v109-4.8.3.jar;C:\Users\eyam\.m2\repository\org\seleniumhq\selenium\selenium-devtools-v110\4.8.3\selenium-devtools-v110-4.8.3.jar;C:\Users\eyam\.m2\repository\org\seleniumhq\selenium\selenium-devtools-v111\4.8.3\selenium-devtools-v111-4.8.3.jar;C:\Users\eyam\.m2\repository\org\seleniumhq\selenium\selenium-devtools-v85\4.8.3\selenium-devtools-v85-4.8.3.jar;C:\Users\eyam\.m2\repository\org\seleniumhq\selenium\selenium-edge-driver\4.8.3\selenium-edge-driver-4.8.3.jar;C:\Users\eyam\.m2\repository\org\seleniumhq\selenium\selenium-firefox-driver\4.8.3\selenium-firefox-driver-4.8.3.jar;C:\Users\eyam\.m2\repository\org\seleniumhq\selenium\selenium-http\4.8.3\selenium-http-4.8.3.jar;C:\Users\eyam\.m2\repository\dev\failsafe\failsafe\3.3.1\failsafe-3.3.1.jar;C:\Users\eyam\.m2\repository\org\seleniumhq\selenium\selenium-ie-driver\4.8.3\selenium-ie-driver-4.8.3.jar;C:\Users\eyam\.m2\repository\org\seleniumhq\selenium\selenium-remote-driver\4.8.3\selenium-remote-driver-4.8.3.jar;C:\Users\eyam\.m2\repository\com\beust\jcommander\1.82\jcommander-1.82.jar;C:\Users\eyam\.m2\repository\io\netty\netty-buffer\4.1.90.Final\netty-buffer-4.1.90.Final.jar;C:\Users\eyam\.m2\repository\io\netty\netty-codec-http\4.1.90.Final\netty-codec-http-4.1.90.Final.jar;C:\Users\eyam\.m2\repository\io\netty\netty-codec\4.1.90.Final\netty-codec-4.1.90.Final.jar;C:\Users\eyam\.m2\repository\io\netty\netty-handler\4.1.90.Final\netty-handler-4.1.90.Final.jar;C:\Users\eyam\.m2\repository\io\netty\netty-common\4.1.90.Final\netty-common-4.1.90.Final.jar;C:\Users\eyam\.m2\repository\io\netty\netty-transport-classes-epoll\4.1.90.Final\netty-transport-classes-epoll-4.1.90.Final.jar;C:\Users\eyam\.m2\repository\io\netty\netty-transport-classes-kqueue\4.1.90.Final\netty-transport-classes-kqueue-4.1.90.Final.jar;C:\Users\eyam\.m2\repository\io\netty\netty-transport-native-epoll\4.1.90.Final\netty-transport-native-epoll-4.1.90.Final.jar;C:\Users\eyam\.m2\repository\io\netty\netty-transport-native-kqueue\4.1.90.Final\netty-transport-native-kqueue-4.1.90.Final.jar;C:\Users\eyam\.m2\repository\io\netty\netty-transport-native-unix-common\4.1.90.Final\netty-transport-native-unix-common-4.1.90.Final.jar;C:\Users\eyam\.m2\repository\io\netty\netty-transport\4.1.90.Final\netty-transport-4.1.90.Final.jar;C:\Users\eyam\.m2\repository\io\netty\netty-resolver\4.1.90.Final\netty-resolver-4.1.90.Final.jar;C:\Users\eyam\.m2\repository\io\opentelemetry\opentelemetry-api\1.24.0\opentelemetry-api-1.24.0.jar;C:\Users\eyam\.m2\repository\io\opentelemetry\opentelemetry-context\1.24.0\opentelemetry-context-1.24.0.jar;C:\Users\eyam\.m2\repository\io\opentelemetry\opentelemetry-exporter-logging\1.24.0\opentelemetry-exporter-logging-1.24.0.jar;C:\Users\eyam\.m2\repository\io\opentelemetry\opentelemetry-sdk-metrics\1.24.0\opentelemetry-sdk-metrics-1.24.0.jar;C:\Users\eyam\.m2\repository\io\opentelemetry\opentelemetry-sdk-logs\1.24.0-alpha\opentelemetry-sdk-logs-1.24.0-alpha.jar;C:\Users\eyam\.m2\repository\io\opentelemetry\opentelemetry-api-logs\1.24.0-alpha\opentelemetry-api-logs-1.24.0-alpha.jar;C:\Users\eyam\.m2\repository\io\opentelemetry\opentelemetry-api-events\1.24.0-alpha\opentelemetry-api-events-1.24.0-alpha.jar;C:\Users\eyam\.m2\repository\io\opentelemetry\opentelemetry-sdk-common\1.24.0\opentelemetry-sdk-common-1.24.0.jar;C:\Users\eyam\.m2\repository\io\opentelemetry\opentelemetry-sdk-extension-autoconfigure-spi\1.24.0\opentelemetry-sdk-extension-autoconfigure-spi-1.24.0.jar;C:\Users\eyam\.m2\repository\io\opentelemetry\opentelemetry-sdk-extension-autoconfigure\1.24.0-alpha\opentelemetry-sdk-extension-autoconfigure-1.24.0-alpha.jar;C:\Users\eyam\.m2\repository\io\opentelemetry\opentelemetry-sdk-trace\1.24.0\opentelemetry-sdk-trace-1.24.0.jar;C:\Users\eyam\.m2\repository\io\opentelemetry\opentelemetry-sdk\1.24.0\opentelemetry-sdk-1.24.0.jar;C:\Users\eyam\.m2\repository\io\opentelemetry\opentelemetry-semconv\1.24.0-alpha\opentelemetry-semconv-1.24.0-alpha.jar;C:\Users\eyam\.m2\repository\io\ous\jtoml\2.0.0\jtoml-2.0.0.jar;C:\Users\eyam\.m2\repository\net\bytebuddy\byte-buddy\1.14.2\byte-buddy-1.14.2.jar;C:\Users\eyam\.m2\repository\org\apache\commons\commons-exec\1.3\commons-exec-1.3.jar;C:\Users\eyam\.m2\repository\org\asynchttpclient\async-http-client\2.12.3\async-http-client-2.12.3.jar;C:\Users\eyam\.m2\repository\org\asynchttpclient\async-http-client-netty-utils\2.12.3\async-http-client-netty-utils-2.12.3.jar;C:\Users\eyam\.m2\repository\io\netty\netty-codec-socks\4.1.60.Final\netty-codec-socks-4.1.60.Final.jar;C:\Users\eyam\.m2\repository\io\netty\netty-handler-proxy\4.1.60.Final\netty-handler-proxy-4.1.60.Final.jar;C:\Users\eyam\.m2\repository\io\netty\netty-transport-native-epoll\4.1.60.Final\netty-transport-native-epoll-4.1.60.Final-linux-x86_64.jar;C:\Users\eyam\.m2\repository\io\netty\netty-transport-native-kqueue\4.1.60.Final\netty-transport-native-kqueue-4.1.60.Final-osx-x86_64.jar;C:\Users\eyam\.m2\repository\org\reactivestreams\reactive-streams\1.0.3\reactive-streams-1.0.3.jar;C:\Users\eyam\.m2\repository\com\typesafe\netty\netty-reactive-streams\2.0.4\netty-reactive-streams-2.0.4.jar;C:\Users\eyam\.m2\repository\org\slf4j\slf4j-api\1.7.30\slf4j-api-1.7.30.jar;C:\Users\eyam\.m2\repository\com\sun\activation\jakarta.activation\1.2.2\jakarta.activation-1.2.2.jar;C:\Users\eyam\.m2\repository\org\seleniumhq\selenium\selenium-safari-driver\4.8.3\selenium-safari-driver-4.8.3.jar;C:\Users\eyam\.m2\repository\org\seleniumhq\selenium\selenium-support\4.8.3\selenium-support-4.8.3.jar;"/>
    <property name="java.vm.vendor" value="Oracle Corporation"/>
    <property name="sun.arch.data.model" value="64"/>
    <property name="user.variant" value=""/>
    <property name="java.vendor.url" value="https://java.oracle.com/"/>
    <property name="user.timezone" value="America/Toronto"/>
    <property name="os.name" value="Windows 10"/>
    <property name="java.vm.specification.version" value="18"/>
    <property name="sun.java.launcher" value="SUN_STANDARD"/>
    <property name="user.country" value="CA"/>
    <property name="sun.boot.library.path" value="C:\Program Files\Java\jdk-18\bin"/>
    <property name="sun.java.command" value="C:\Users\eyam\AppData\Local\Temp\surefire4505711840536916064\surefirebooter-20230502101204794_3.jar C:\Users\eyam\AppData\Local\Temp\surefire4505711840536916064 2023-05-02T10-12-04_540-jvmRun1 surefire-20230502101204794_1tmp surefire_0-20230502101204794_2tmp"/>
    <property name="jdk.debug" value="release"/>
    <property name="surefire.test.class.path" value="C:\Users\eyam\repos\JavaFramework\target\test-classes;C:\Users\eyam\repos\JavaFramework\target\classes;C:\Users\eyam\.m2\repository\org\junit\jupiter\junit-jupiter-api\5.9.2\junit-jupiter-api-5.9.2.jar;C:\Users\eyam\.m2\repository\org\opentest4j\opentest4j\1.2.0\opentest4j-1.2.0.jar;C:\Users\eyam\.m2\repository\org\junit\platform\junit-platform-commons\1.9.2\junit-platform-commons-1.9.2.jar;C:\Users\eyam\.m2\repository\org\apiguardian\apiguardian-api\1.1.2\apiguardian-api-1.1.2.jar;C:\Users\eyam\.m2\repository\org\junit\platform\junit-platform-suite\1.9.2\junit-platform-suite-1.9.2.jar;C:\Users\eyam\.m2\repository\org\junit\platform\junit-platform-suite-api\1.9.2\junit-platform-suite-api-1.9.2.jar;C:\Users\eyam\.m2\repository\org\junit\platform\junit-platform-suite-engine\1.9.2\junit-platform-suite-engine-1.9.2.jar;C:\Users\eyam\.m2\repository\org\junit\platform\junit-platform-suite-commons\1.9.2\junit-platform-suite-commons-1.9.2.jar;C:\Users\eyam\.m2\repository\org\junit\platform\junit-platform-launcher\1.9.2\junit-platform-launcher-1.9.2.jar;C:\Users\eyam\.m2\repository\org\junit\jupiter\junit-jupiter-engine\5.9.2\junit-jupiter-engine-5.9.2.jar;C:\Users\eyam\.m2\repository\org\junit\platform\junit-platform-engine\1.9.2\junit-platform-engine-1.9.2.jar;C:\Users\eyam\.m2\repository\org\seleniumhq\selenium\selenium-java\4.8.3\selenium-java-4.8.3.jar;C:\Users\eyam\.m2\repository\org\seleniumhq\selenium\selenium-api\4.8.3\selenium-api-4.8.3.jar;C:\Users\eyam\.m2\repository\org\seleniumhq\selenium\selenium-chrome-driver\4.8.3\selenium-chrome-driver-4.8.3.jar;C:\Users\eyam\.m2\repository\com\google\auto\service\auto-service-annotations\1.0.1\auto-service-annotations-1.0.1.jar;C:\Users\eyam\.m2\repository\com\google\auto\service\auto-service\1.0.1\auto-service-1.0.1.jar;C:\Users\eyam\.m2\repository\com\google\auto\auto-common\1.2\auto-common-1.2.jar;C:\Users\eyam\.m2\repository\com\google\guava\guava\31.1-jre\guava-31.1-jre.jar;C:\Users\eyam\.m2\repository\com\google\guava\failureaccess\1.0.1\failureaccess-1.0.1.jar;C:\Users\eyam\.m2\repository\com\google\guava\listenablefuture\9999.0-empty-to-avoid-conflict-with-guava\listenablefuture-9999.0-empty-to-avoid-conflict-with-guava.jar;C:\Users\eyam\.m2\repository\com\google\code\findbugs\jsr305\3.0.2\jsr305-3.0.2.jar;C:\Users\eyam\.m2\repository\org\checkerframework\checker-qual\3.12.0\checker-qual-3.12.0.jar;C:\Users\eyam\.m2\repository\com\google\errorprone\error_prone_annotations\2.11.0\error_prone_annotations-2.11.0.jar;C:\Users\eyam\.m2\repository\com\google\j2objc\j2objc-annotations\1.3\j2objc-annotations-1.3.jar;C:\Users\eyam\.m2\repository\org\seleniumhq\selenium\selenium-chromium-driver\4.8.3\selenium-chromium-driver-4.8.3.jar;C:\Users\eyam\.m2\repository\org\seleniumhq\selenium\selenium-json\4.8.3\selenium-json-4.8.3.jar;C:\Users\eyam\.m2\repository\org\seleniumhq\selenium\selenium-manager\4.8.3\selenium-manager-4.8.3.jar;C:\Users\eyam\.m2\repository\org\seleniumhq\selenium\selenium-devtools-v109\4.8.3\selenium-devtools-v109-4.8.3.jar;C:\Users\eyam\.m2\repository\org\seleniumhq\selenium\selenium-devtools-v110\4.8.3\selenium-devtools-v110-4.8.3.jar;C:\Users\eyam\.m2\repository\org\seleniumhq\selenium\selenium-devtools-v111\4.8.3\selenium-devtools-v111-4.8.3.jar;C:\Users\eyam\.m2\repository\org\seleniumhq\selenium\selenium-devtools-v85\4.8.3\selenium-devtools-v85-4.8.3.jar;C:\Users\eyam\.m2\repository\org\seleniumhq\selenium\selenium-edge-driver\4.8.3\selenium-edge-driver-4.8.3.jar;C:\Users\eyam\.m2\repository\org\seleniumhq\selenium\selenium-firefox-driver\4.8.3\selenium-firefox-driver-4.8.3.jar;C:\Users\eyam\.m2\repository\org\seleniumhq\selenium\selenium-http\4.8.3\selenium-http-4.8.3.jar;C:\Users\eyam\.m2\repository\dev\failsafe\failsafe\3.3.1\failsafe-3.3.1.jar;C:\Users\eyam\.m2\repository\org\seleniumhq\selenium\selenium-ie-driver\4.8.3\selenium-ie-driver-4.8.3.jar;C:\Users\eyam\.m2\repository\org\seleniumhq\selenium\selenium-remote-driver\4.8.3\selenium-remote-driver-4.8.3.jar;C:\Users\eyam\.m2\repository\com\beust\jcommander\1.82\jcommander-1.82.jar;C:\Users\eyam\.m2\repository\io\netty\netty-buffer\4.1.90.Final\netty-buffer-4.1.90.Final.jar;C:\Users\eyam\.m2\repository\io\netty\netty-codec-http\4.1.90.Final\netty-codec-http-4.1.90.Final.jar;C:\Users\eyam\.m2\repository\io\netty\netty-codec\4.1.90.Final\netty-codec-4.1.90.Final.jar;C:\Users\eyam\.m2\repository\io\netty\netty-handler\4.1.90.Final\netty-handler-4.1.90.Final.jar;C:\Users\eyam\.m2\repository\io\netty\netty-common\4.1.90.Final\netty-common-4.1.90.Final.jar;C:\Users\eyam\.m2\repository\io\netty\netty-transport-classes-epoll\4.1.90.Final\netty-transport-classes-epoll-4.1.90.Final.jar;C:\Users\eyam\.m2\repository\io\netty\netty-transport-classes-kqueue\4.1.90.Final\netty-transport-classes-kqueue-4.1.90.Final.jar;C:\Users\eyam\.m2\repository\io\netty\netty-transport-native-epoll\4.1.90.Final\netty-transport-native-epoll-4.1.90.Final.jar;C:\Users\eyam\.m2\repository\io\netty\netty-transport-native-kqueue\4.1.90.Final\netty-transport-native-kqueue-4.1.90.Final.jar;C:\Users\eyam\.m2\repository\io\netty\netty-transport-native-unix-common\4.1.90.Final\netty-transport-native-unix-common-4.1.90.Final.jar;C:\Users\eyam\.m2\repository\io\netty\netty-transport\4.1.90.Final\netty-transport-4.1.90.Final.jar;C:\Users\eyam\.m2\repository\io\netty\netty-resolver\4.1.90.Final\netty-resolver-4.1.90.Final.jar;C:\Users\eyam\.m2\repository\io\opentelemetry\opentelemetry-api\1.24.0\opentelemetry-api-1.24.0.jar;C:\Users\eyam\.m2\repository\io\opentelemetry\opentelemetry-context\1.24.0\opentelemetry-context-1.24.0.jar;C:\Users\eyam\.m2\repository\io\opentelemetry\opentelemetry-exporter-logging\1.24.0\opentelemetry-exporter-logging-1.24.0.jar;C:\Users\eyam\.m2\repository\io\opentelemetry\opentelemetry-sdk-metrics\1.24.0\opentelemetry-sdk-metrics-1.24.0.jar;C:\Users\eyam\.m2\repository\io\opentelemetry\opentelemetry-sdk-logs\1.24.0-alpha\opentelemetry-sdk-logs-1.24.0-alpha.jar;C:\Users\eyam\.m2\repository\io\opentelemetry\opentelemetry-api-logs\1.24.0-alpha\opentelemetry-api-logs-1.24.0-alpha.jar;C:\Users\eyam\.m2\repository\io\opentelemetry\opentelemetry-api-events\1.24.0-alpha\opentelemetry-api-events-1.24.0-alpha.jar;C:\Users\eyam\.m2\repository\io\opentelemetry\opentelemetry-sdk-common\1.24.0\opentelemetry-sdk-common-1.24.0.jar;C:\Users\eyam\.m2\repository\io\opentelemetry\opentelemetry-sdk-extension-autoconfigure-spi\1.24.0\opentelemetry-sdk-extension-autoconfigure-spi-1.24.0.jar;C:\Users\eyam\.m2\repository\io\opentelemetry\opentelemetry-sdk-extension-autoconfigure\1.24.0-alpha\opentelemetry-sdk-extension-autoconfigure-1.24.0-alpha.jar;C:\Users\eyam\.m2\repository\io\opentelemetry\opentelemetry-sdk-trace\1.24.0\opentelemetry-sdk-trace-1.24.0.jar;C:\Users\eyam\.m2\repository\io\opentelemetry\opentelemetry-sdk\1.24.0\opentelemetry-sdk-1.24.0.jar;C:\Users\eyam\.m2\repository\io\opentelemetry\opentelemetry-semconv\1.24.0-alpha\opentelemetry-semconv-1.24.0-alpha.jar;C:\Users\eyam\.m2\repository\io\ous\jtoml\2.0.0\jtoml-2.0.0.jar;C:\Users\eyam\.m2\repository\net\bytebuddy\byte-buddy\1.14.2\byte-buddy-1.14.2.jar;C:\Users\eyam\.m2\repository\org\apache\commons\commons-exec\1.3\commons-exec-1.3.jar;C:\Users\eyam\.m2\repository\org\asynchttpclient\async-http-client\2.12.3\async-http-client-2.12.3.jar;C:\Users\eyam\.m2\repository\org\asynchttpclient\async-http-client-netty-utils\2.12.3\async-http-client-netty-utils-2.12.3.jar;C:\Users\eyam\.m2\repository\io\netty\netty-codec-socks\4.1.60.Final\netty-codec-socks-4.1.60.Final.jar;C:\Users\eyam\.m2\repository\io\netty\netty-handler-proxy\4.1.60.Final\netty-handler-proxy-4.1.60.Final.jar;C:\Users\eyam\.m2\repository\io\netty\netty-transport-native-epoll\4.1.60.Final\netty-transport-native-epoll-4.1.60.Final-linux-x86_64.jar;C:\Users\eyam\.m2\repository\io\netty\netty-transport-native-kqueue\4.1.60.Final\netty-transport-native-kqueue-4.1.60.Final-osx-x86_64.jar;C:\Users\eyam\.m2\repository\org\reactivestreams\reactive-streams\1.0.3\reactive-streams-1.0.3.jar;C:\Users\eyam\.m2\repository\com\typesafe\netty\netty-reactive-streams\2.0.4\netty-reactive-streams-2.0.4.jar;C:\Users\eyam\.m2\repository\org\slf4j\slf4j-api\1.7.30\slf4j-api-1.7.30.jar;C:\Users\eyam\.m2\repository\com\sun\activation\jakarta.activation\1.2.2\jakarta.activation-1.2.2.jar;C:\Users\eyam\.m2\repository\org\seleniumhq\selenium\selenium-safari-driver\4.8.3\selenium-safari-driver-4.8.3.jar;C:\Users\eyam\.m2\repository\org\seleniumhq\selenium\selenium-support\4.8.3\selenium-support-4.8.3.jar;"/>
    <property name="sun.cpu.endian" value="little"/>
    <property name="user.home" value="C:\Users\eyam"/>
    <property name="user.language" value="en"/>
    <property name="java.specification.vendor" value="Oracle Corporation"/>
    <property name="java.version.date" value="2022-03-22"/>
    <property name="java.home" value="C:\Program Files\Java\jdk-18"/>
    <property name="file.separator" value="\"/>
    <property name="basedir" value="C:\Users\eyam\repos\JavaFramework"/>
    <property name="java.vm.compressedOopsMode" value="Zero based"/>
    <property name="line.separator" value="&#10;"/>
    <property name="java.vm.specification.vendor" value="Oracle Corporation"/>
    <property name="java.specification.name" value="Java Platform API Specification"/>
    <property name="surefire.real.class.path" value="C:\Users\eyam\AppData\Local\Temp\surefire4505711840536916064\surefirebooter-20230502101204794_3.jar"/>
    <property name="user.script" value=""/>
    <property name="sun.management.compiler" value="HotSpot 64-Bit Tiered Compilers"/>
    <property name="java.runtime.version" value="18+36-2087"/>
    <property name="user.name" value="eyam"/>
    <property name="path.separator" value=";"/>
    <property name="os.version" value="10.0"/>
    <property name="java.runtime.name" value="Java(TM) SE Runtime Environment"/>
    <property name="file.encoding" value="UTF-8"/>
    <property name="java.vm.name" value="Java HotSpot(TM) 64-Bit Server VM"/>
    <property name="localRepository" value="C:\Users\eyam\.m2\repository"/>
    <property name="java.vendor.url.bug" value="https://bugreport.java.com/bugreport/"/>
    <property name="java.io.tmpdir" value="C:\Users\eyam\AppData\Local\Temp\"/>
    <property name="idea.version" value="2021.3.3"/>
    <property name="java.version" value="18"/>
    <property name="user.dir" value="C:\Users\eyam\repos\JavaFramework"/>
    <property name="os.arch" value="amd64"/>
    <property name="java.vm.specification.name" value="Java Virtual Machine Specification"/>
    <property name="sun.os.patch.level" value=""/>
    <property name="native.encoding" value="Cp1252"/>
    <property name="java.library.path" value="C:\Program Files\Java\jdk-18\bin;C:\Windows\Sun\Java\bin;C:\Windows\system32;C:\Windows;C:\Program Files\Common Files\Oracle\Java\javapath;C:\Python310\Scripts\;C:\Python310\;C:\Windows\system32;C:\Windows;C:\Windows\System32\Wbem;C:\Windows\System32\WindowsPowerShell\v1.0\;C:\Windows\System32\OpenSSH\;C:\Program Files (x86)\Intel\Intel(R) Management Engine Components\DAL;C:\Program Files\Intel\Intel(R) Management Engine Components\DAL;C:\Program Files\nodejs\;C:\ProgramData\chocolatey\bin;C:\Program Files\Git\cmd;C:\Program Files\Java\jdk-18\bin;."/>
    <property name="java.vm.info" value="mixed mode, sharing"/>
    <property name="java.vendor" value="Oracle Corporation"/>
    <property name="java.vm.version" value="18+36-2087"/>
    <property name="sun.io.unicode.encoding" value="UnicodeLittle"/>
    <property name="java.class.version" value="62.0"/>
  </properties>
  <testcase name="Test_3" classname="org.example.AppTest" time="16.403">
    <system-err><![CDATA[SLF4J: Failed to load class "org.slf4j.impl.StaticLoggerBinder".
SLF4J: Defaulting to no-operation (NOP) logger implementation
SLF4J: See http://www.slf4j.org/codes.html#StaticLoggerBinder for further details.
Starting Microsoft Edge WebDriver 112.0.1722.64 (28b771e297ed78ce970c7e059bb87fe0ca0e66c1) on port 8059
To submit feedback, report a bug, or suggest new features, please visit https://github.com/MicrosoftEdge/EdgeWebDriver

Only local connections are allowed.
Please see https://aka.ms/WebDriverSecurity for suggestions on keeping Microsoft Edge WebDriver safe.

Microsoft Edge WebDriver was started successfully.
[1683036734.313][WARNING]: Public key in crx header is different from key in manifest
key from header:   MIIBIjANBgkqhkiG9w0BAQEFAAOCAQ8AMIIBCgKCAQEA9NabEmSVHDAPyAicIyfbqkAaAA0eyPVvYaAQWEMhfMtwcHJDDH/oQMB/l6dY3Ey+S2OvJU/KX/0c1oUjGu73S0woJMs1nuIc7t5ZYhYlmVF2A1NYadv5NneHHiqsJpiAYJ2pJrLKkOzVGGoLJheTNfIQOOhN+TQESEOgz8/pe34O4V4NtfYBSsYW8MGJqy/dBOE2OYs//92zKMwWZHyfHLiuzGUzZwQ0PLJnUrdv1X/zhQNmIhbs6vmRVBe0xvBDbfipMoN1iBzKIMOXJtZycF8sUqyHMNuzdBuKffyI735pw+MTg74QLnaVyZoqMZLRSjHdqz73Z9yhSLTzihMJJQIDAQAB
key from manifest: MIIBIjANBgkqhkiG9w0BAQEFAAOCAQ8AMIIBCgKCAQEAtej8nZ6GDzzNjLD1WCjkbCf15gZlrgzMn9To0ef+6Tiyk6uDSePSaaiMG+8rNgTCQM1ES6Hy8XzTJf8o19ldg1GXHE4MAdjjzDNv3ya05Vj71r/dzI9OyL45DnshMYdW7lyzHp7nt1L5uWtmZs4MiOO43RrWzrGuvhhUdQm9rz4nOgu9q7FWqZP6kUYL42TJgQ6Sc0Qu25TshDdJME3uK5z/kV3BNlmQFDhuAXQZKP/KCV2ogG7R/VcHj1a2ETjRFMQxtQUaWtCmpDYw7URD4CuRNy9LBTylNASfFCHLAEc9MWqFD1Alj63o+WsqBP/h81Vs7nH6PnXQg9+fOCpMyQIDAQAB
generated extension id from header key:   pmbpejfiehgdfknfkpdphoaohammickm
generated extension id from manifest key: odfafepnkmbhccpbejgmiehpchacaeak
May 02, 2023 10:12:19 A.M. org.openqa.selenium.devtools.CdpVersionFinder findNearestMatch
WARNING: Unable to find an exact match for CDP version 112, so returning the closest version found: 111
]]></system-err>
  </testcase>
  <testcase name="Test_4" classname="org.example.AppTest" time="12.084">
    <system-err><![CDATA[Starting Microsoft Edge WebDriver 112.0.1722.64 (28b771e297ed78ce970c7e059bb87fe0ca0e66c1) on port 23626
To submit feedback, report a bug, or suggest new features, please visit https://github.com/MicrosoftEdge/EdgeWebDriver

Only local connections are allowed.
Please see https://aka.ms/WebDriverSecurity for suggestions on keeping Microsoft Edge WebDriver safe.

Microsoft Edge WebDriver was started successfully.
[1683036748.516][WARNING]: Public key in crx header is different from key in manifest
key from header:   MIIBIjANBgkqhkiG9w0BAQEFAAOCAQ8AMIIBCgKCAQEA9NabEmSVHDAPyAicIyfbqkAaAA0eyPVvYaAQWEMhfMtwcHJDDH/oQMB/l6dY3Ey+S2OvJU/KX/0c1oUjGu73S0woJMs1nuIc7t5ZYhYlmVF2A1NYadv5NneHHiqsJpiAYJ2pJrLKkOzVGGoLJheTNfIQOOhN+TQESEOgz8/pe34O4V4NtfYBSsYW8MGJqy/dBOE2OYs//92zKMwWZHyfHLiuzGUzZwQ0PLJnUrdv1X/zhQNmIhbs6vmRVBe0xvBDbfipMoN1iBzKIMOXJtZycF8sUqyHMNuzdBuKffyI735pw+MTg74QLnaVyZoqMZLRSjHdqz73Z9yhSLTzihMJJQIDAQAB
key from manifest: MIIBIjANBgkqhkiG9w0BAQEFAAOCAQ8AMIIBCgKCAQEAtej8nZ6GDzzNjLD1WCjkbCf15gZlrgzMn9To0ef+6Tiyk6uDSePSaaiMG+8rNgTCQM1ES6Hy8XzTJf8o19ldg1GXHE4MAdjjzDNv3ya05Vj71r/dzI9OyL45DnshMYdW7lyzHp7nt1L5uWtmZs4MiOO43RrWzrGuvhhUdQm9rz4nOgu9q7FWqZP6kUYL42TJgQ6Sc0Qu25TshDdJME3uK5z/kV3BNlmQFDhuAXQZKP/KCV2ogG7R/VcHj1a2ETjRFMQxtQUaWtCmpDYw7URD4CuRNy9LBTylNASfFCHLAEc9MWqFD1Alj63o+WsqBP/h81Vs7nH6PnXQg9+fOCpMyQIDAQAB
generated extension id from header key:   pmbpejfiehgdfknfkpdphoaohammickm
generated extension id from manifest key: odfafepnkmbhccpbejgmiehpchacaeak
May 02, 2023 10:12:32 A.M. org.openqa.selenium.devtools.CdpVersionFinder findNearestMatch
WARNING: Unable to find an exact match for CDP version 112, so returning the closest version found: 111
]]></system-err>
  </testcase>
  <testcase name="Test_5" classname="org.example.AppTest" time="216.734">
    <error message="java.util.concurrent.TimeoutException&#10;Build info: version: &apos;4.8.3&apos;, revision: &apos;e5e76298c3&apos;&#10;System info: os.name: &apos;Windows 10&apos;, os.arch: &apos;amd64&apos;, os.version: &apos;10.0&apos;, java.version: &apos;18&apos;&#10;Driver info: org.openqa.selenium.edge.EdgeDriver&#10;Command: [c2d91068e0b1900563ed21fed71d4b3c, clickElement {id=2a3854fb-7317-4915-81a7-330c3445a5c2}]&#10;Capabilities {acceptInsecureCerts: false, browserName: msedge, browserVersion: 112.0.1722.64, ms:edgeOptions: {debuggerAddress: localhost:53646}, msedge: {msedgedriverVersion: 112.0.1722.64 (28b771e297ed..., userDataDir: C:\Users\eyam\AppData\Local...}, networkConnectionEnabled: false, pageLoadStrategy: normal, platformName: WINDOWS, proxy: Proxy(), se:cdp: ws://localhost:53646/devtoo..., se:cdpVersion: 112.0.1722.64, setWindowRect: true, strictFileInteractability: false, timeouts: {implicit: 0, pageLoad: 300000, script: 30000}, unhandledPromptBehavior: dismiss and notify, webauthn:extension:credBlob: true, webauthn:extension:largeBlob: true, webauthn:extension:minPinLength: true, webauthn:extension:prf: true, webauthn:virtualAuthenticators: true}&#10;Element: [[EdgeDriver: msedge on WINDOWS (c2d91068e0b1900563ed21fed71d4b3c)] -&gt; xpath: //input[@class=&apos;gNO89b&apos;]]&#10;Session ID: c2d91068e0b1900563ed21fed71d4b3c" type="org.openqa.selenium.TimeoutException"><![CDATA[org.openqa.selenium.TimeoutException: 
java.util.concurrent.TimeoutException
Build info: version: '4.8.3', revision: 'e5e76298c3'
System info: os.name: 'Windows 10', os.arch: 'amd64', os.version: '10.0', java.version: '18'
Driver info: org.openqa.selenium.edge.EdgeDriver
Command: [c2d91068e0b1900563ed21fed71d4b3c, clickElement {id=2a3854fb-7317-4915-81a7-330c3445a5c2}]
Capabilities {acceptInsecureCerts: false, browserName: msedge, browserVersion: 112.0.1722.64, ms:edgeOptions: {debuggerAddress: localhost:53646}, msedge: {msedgedriverVersion: 112.0.1722.64 (28b771e297ed..., userDataDir: C:\Users\eyam\AppData\Local...}, networkConnectionEnabled: false, pageLoadStrategy: normal, platformName: WINDOWS, proxy: Proxy(), se:cdp: ws://localhost:53646/devtoo..., se:cdpVersion: 112.0.1722.64, setWindowRect: true, strictFileInteractability: false, timeouts: {implicit: 0, pageLoad: 300000, script: 30000}, unhandledPromptBehavior: dismiss and notify, webauthn:extension:credBlob: true, webauthn:extension:largeBlob: true, webauthn:extension:minPinLength: true, webauthn:extension:prf: true, webauthn:virtualAuthenticators: true}
Element: [[EdgeDriver: msedge on WINDOWS (c2d91068e0b1900563ed21fed71d4b3c)] -> xpath: //input[@class='gNO89b']]
Session ID: c2d91068e0b1900563ed21fed71d4b3c
	at org.openqa.selenium.remote.http.netty.NettyHttpHandler.makeCall(NettyHttpHandler.java:65)
	at org.openqa.selenium.remote.http.AddSeleniumUserAgent.lambda$apply$0(AddSeleniumUserAgent.java:42)
	at org.openqa.selenium.remote.http.Filter.lambda$andFinally$1(Filter.java:56)
	at org.openqa.selenium.remote.http.netty.NettyHttpHandler.execute(NettyHttpHandler.java:49)
	at org.openqa.selenium.remote.http.AddSeleniumUserAgent.lambda$apply$0(AddSeleniumUserAgent.java:42)
	at org.openqa.selenium.remote.http.Filter.lambda$andFinally$1(Filter.java:56)
	at org.openqa.selenium.remote.http.netty.NettyClient.execute(NettyClient.java:99)
	at org.openqa.selenium.remote.HttpCommandExecutor.execute(HttpCommandExecutor.java:190)
	at org.openqa.selenium.remote.service.DriverCommandExecutor.invokeExecute(DriverCommandExecutor.java:183)
	at org.openqa.selenium.remote.service.DriverCommandExecutor.execute(DriverCommandExecutor.java:158)
	at org.openqa.selenium.remote.RemoteWebDriver.execute(RemoteWebDriver.java:543)
	at org.openqa.selenium.remote.RemoteWebElement.execute(RemoteWebElement.java:257)
	at org.openqa.selenium.remote.RemoteWebElement.click(RemoteWebElement.java:78)
	at java.base/jdk.internal.reflect.DirectMethodHandleAccessor.invoke(DirectMethodHandleAccessor.java:104)
	at java.base/java.lang.reflect.Method.invoke(Method.java:577)
	at org.openqa.selenium.support.pagefactory.internal.LocatingElementHandler.invoke(LocatingElementHandler.java:52)
	at jdk.proxy2/jdk.proxy2.$Proxy16.click(Unknown Source)
	at org.example.Pages.Practice.PageObjects.GoogleHomePage.clickSearchButton(GoogleHomePage.java:33)
	at org.example.AppTest.Test_5(AppTest.java:84)
	at java.base/jdk.internal.reflect.DirectMethodHandleAccessor.invoke(DirectMethodHandleAccessor.java:104)
	at java.base/java.lang.reflect.Method.invoke(Method.java:577)
	at org.junit.platform.commons.util.ReflectionUtils.invokeMethod(ReflectionUtils.java:727)
	at org.junit.jupiter.engine.execution.MethodInvocation.proceed(MethodInvocation.java:60)
	at org.junit.jupiter.engine.execution.InvocationInterceptorChain$ValidatingInvocation.proceed(InvocationInterceptorChain.java:131)
	at org.junit.jupiter.engine.extension.TimeoutExtension.intercept(TimeoutExtension.java:156)
	at org.junit.jupiter.engine.extension.TimeoutExtension.interceptTestableMethod(TimeoutExtension.java:147)
	at org.junit.jupiter.engine.extension.TimeoutExtension.interceptTestMethod(TimeoutExtension.java:86)
	at org.junit.jupiter.engine.execution.InterceptingExecutableInvoker$ReflectiveInterceptorCall.lambda$ofVoidMethod$0(InterceptingExecutableInvoker.java:103)
	at org.junit.jupiter.engine.execution.InterceptingExecutableInvoker.lambda$invoke$0(InterceptingExecutableInvoker.java:93)
	at org.junit.jupiter.engine.execution.InvocationInterceptorChain$InterceptedInvocation.proceed(InvocationInterceptorChain.java:106)
	at org.junit.jupiter.engine.execution.InvocationInterceptorChain.proceed(InvocationInterceptorChain.java:64)
	at org.junit.jupiter.engine.execution.InvocationInterceptorChain.chainAndInvoke(InvocationInterceptorChain.java:45)
	at org.junit.jupiter.engine.execution.InvocationInterceptorChain.invoke(InvocationInterceptorChain.java:37)
	at org.junit.jupiter.engine.execution.InterceptingExecutableInvoker.invoke(InterceptingExecutableInvoker.java:92)
	at org.junit.jupiter.engine.execution.InterceptingExecutableInvoker.invoke(InterceptingExecutableInvoker.java:86)
	at org.junit.jupiter.engine.descriptor.TestMethodTestDescriptor.lambda$invokeTestMethod$7(TestMethodTestDescriptor.java:217)
	at org.junit.platform.engine.support.hierarchical.ThrowableCollector.execute(ThrowableCollector.java:73)
	at org.junit.jupiter.engine.descriptor.TestMethodTestDescriptor.invokeTestMethod(TestMethodTestDescriptor.java:213)
	at org.junit.jupiter.engine.descriptor.TestMethodTestDescriptor.execute(TestMethodTestDescriptor.java:138)
	at org.junit.jupiter.engine.descriptor.TestMethodTestDescriptor.execute(TestMethodTestDescriptor.java:68)
	at org.junit.platform.engine.support.hierarchical.NodeTestTask.lambda$executeRecursively$6(NodeTestTask.java:151)
	at org.junit.platform.engine.support.hierarchical.ThrowableCollector.execute(ThrowableCollector.java:73)
	at org.junit.platform.engine.support.hierarchical.NodeTestTask.lambda$executeRecursively$8(NodeTestTask.java:141)
	at org.junit.platform.engine.support.hierarchical.Node.around(Node.java:137)
	at org.junit.platform.engine.support.hierarchical.NodeTestTask.lambda$executeRecursively$9(NodeTestTask.java:139)
	at org.junit.platform.engine.support.hierarchical.ThrowableCollector.execute(ThrowableCollector.java:73)
	at org.junit.platform.engine.support.hierarchical.NodeTestTask.executeRecursively(NodeTestTask.java:138)
	at org.junit.platform.engine.support.hierarchical.NodeTestTask.execute(NodeTestTask.java:95)
	at java.base/java.util.ArrayList.forEach(ArrayList.java:1511)
	at org.junit.platform.engine.support.hierarchical.SameThreadHierarchicalTestExecutorService.invokeAll(SameThreadHierarchicalTestExecutorService.java:41)
	at org.junit.platform.engine.support.hierarchical.NodeTestTask.lambda$executeRecursively$6(NodeTestTask.java:155)
	at org.junit.platform.engine.support.hierarchical.ThrowableCollector.execute(ThrowableCollector.java:73)
	at org.junit.platform.engine.support.hierarchical.NodeTestTask.lambda$executeRecursively$8(NodeTestTask.java:141)
	at org.junit.platform.engine.support.hierarchical.Node.around(Node.java:137)
	at org.junit.platform.engine.support.hierarchical.NodeTestTask.lambda$executeRecursively$9(NodeTestTask.java:139)
	at org.junit.platform.engine.support.hierarchical.ThrowableCollector.execute(ThrowableCollector.java:73)
	at org.junit.platform.engine.support.hierarchical.NodeTestTask.executeRecursively(NodeTestTask.java:138)
	at org.junit.platform.engine.support.hierarchical.NodeTestTask.execute(NodeTestTask.java:95)
	at java.base/java.util.ArrayList.forEach(ArrayList.java:1511)
	at org.junit.platform.engine.support.hierarchical.SameThreadHierarchicalTestExecutorService.invokeAll(SameThreadHierarchicalTestExecutorService.java:41)
	at org.junit.platform.engine.support.hierarchical.NodeTestTask.lambda$executeRecursively$6(NodeTestTask.java:155)
	at org.junit.platform.engine.support.hierarchical.ThrowableCollector.execute(ThrowableCollector.java:73)
	at org.junit.platform.engine.support.hierarchical.NodeTestTask.lambda$executeRecursively$8(NodeTestTask.java:141)
	at org.junit.platform.engine.support.hierarchical.Node.around(Node.java:137)
	at org.junit.platform.engine.support.hierarchical.NodeTestTask.lambda$executeRecursively$9(NodeTestTask.java:139)
	at org.junit.platform.engine.support.hierarchical.ThrowableCollector.execute(ThrowableCollector.java:73)
	at org.junit.platform.engine.support.hierarchical.NodeTestTask.executeRecursively(NodeTestTask.java:138)
	at org.junit.platform.engine.support.hierarchical.NodeTestTask.execute(NodeTestTask.java:95)
	at org.junit.platform.engine.support.hierarchical.SameThreadHierarchicalTestExecutorService.submit(SameThreadHierarchicalTestExecutorService.java:35)
	at org.junit.platform.engine.support.hierarchical.HierarchicalTestExecutor.execute(HierarchicalTestExecutor.java:57)
	at org.junit.platform.engine.support.hierarchical.HierarchicalTestEngine.execute(HierarchicalTestEngine.java:54)
	at org.junit.platform.launcher.core.EngineExecutionOrchestrator.execute(EngineExecutionOrchestrator.java:147)
	at org.junit.platform.launcher.core.EngineExecutionOrchestrator.execute(EngineExecutionOrchestrator.java:127)
	at org.junit.platform.launcher.core.EngineExecutionOrchestrator.execute(EngineExecutionOrchestrator.java:90)
	at org.junit.platform.launcher.core.EngineExecutionOrchestrator.lambda$execute$0(EngineExecutionOrchestrator.java:55)
	at org.junit.platform.launcher.core.EngineExecutionOrchestrator.withInterceptedStreams(EngineExecutionOrchestrator.java:102)
	at org.junit.platform.launcher.core.EngineExecutionOrchestrator.execute(EngineExecutionOrchestrator.java:54)
	at org.junit.platform.launcher.core.DefaultLauncher.execute(DefaultLauncher.java:114)
	at org.junit.platform.launcher.core.DefaultLauncher.execute(DefaultLauncher.java:86)
	at org.junit.platform.launcher.core.DefaultLauncherSession$DelegatingLauncher.execute(DefaultLauncherSession.java:86)
	at org.apache.maven.surefire.junitplatform.LazyLauncher.execute(LazyLauncher.java:50)
	at org.apache.maven.surefire.junitplatform.JUnitPlatformProvider.execute(JUnitPlatformProvider.java:184)
	at org.apache.maven.surefire.junitplatform.JUnitPlatformProvider.invokeAllTests(JUnitPlatformProvider.java:148)
	at org.apache.maven.surefire.junitplatform.JUnitPlatformProvider.invoke(JUnitPlatformProvider.java:122)
	at org.apache.maven.surefire.booter.ForkedBooter.runSuitesInProcess(ForkedBooter.java:385)
	at org.apache.maven.surefire.booter.ForkedBooter.execute(ForkedBooter.java:162)
	at org.apache.maven.surefire.booter.ForkedBooter.run(ForkedBooter.java:507)
	at org.apache.maven.surefire.booter.ForkedBooter.main(ForkedBooter.java:495)
	Suppressed: org.openqa.selenium.WebDriverException: Timed out waiting for driver server to stop.
Build info: version: '4.8.3', revision: 'e5e76298c3'
System info: os.name: 'Windows 10', os.arch: 'amd64', os.version: '10.0', java.version: '18'
Driver info: org.openqa.selenium.edge.EdgeDriver
Command: [c2d91068e0b1900563ed21fed71d4b3c, quit {}]
Capabilities {acceptInsecureCerts: false, browserName: msedge, browserVersion: 112.0.1722.64, ms:edgeOptions: {debuggerAddress: localhost:53646}, msedge: {msedgedriverVersion: 112.0.1722.64 (28b771e297ed..., userDataDir: C:\Users\eyam\AppData\Local...}, networkConnectionEnabled: false, pageLoadStrategy: normal, platformName: WINDOWS, proxy: Proxy(), se:cdp: ws://localhost:53646/devtoo..., se:cdpVersion: 112.0.1722.64, setWindowRect: true, strictFileInteractability: false, timeouts: {implicit: 0, pageLoad: 300000, script: 30000}, unhandledPromptBehavior: dismiss and notify, webauthn:extension:credBlob: true, webauthn:extension:largeBlob: true, webauthn:extension:minPinLength: true, webauthn:extension:prf: true, webauthn:virtualAuthenticators: true}
Session ID: c2d91068e0b1900563ed21fed71d4b3c
		at org.openqa.selenium.remote.service.DriverCommandExecutor.execute(DriverCommandExecutor.java:148)
		at org.openqa.selenium.remote.RemoteWebDriver.execute(RemoteWebDriver.java:543)
		at org.openqa.selenium.remote.RemoteWebDriver.execute(RemoteWebDriver.java:598)
		at org.openqa.selenium.remote.RemoteWebDriver.execute(RemoteWebDriver.java:602)
		at org.openqa.selenium.remote.RemoteWebDriver.quit(RemoteWebDriver.java:445)
		at org.openqa.selenium.chromium.ChromiumDriver.quit(ChromiumDriver.java:279)
		at org.example.AppTest.cleanUp(AppTest.java:32)
		at java.base/jdk.internal.reflect.DirectMethodHandleAccessor.invoke(DirectMethodHandleAccessor.java:104)
		at java.base/java.lang.reflect.Method.invoke(Method.java:577)
		at org.junit.platform.commons.util.ReflectionUtils.invokeMethod(ReflectionUtils.java:727)
		at org.junit.jupiter.engine.execution.MethodInvocation.proceed(MethodInvocation.java:60)
		at org.junit.jupiter.engine.execution.InvocationInterceptorChain$ValidatingInvocation.proceed(InvocationInterceptorChain.java:131)
		at org.junit.jupiter.engine.extension.TimeoutExtension.intercept(TimeoutExtension.java:156)
		at org.junit.jupiter.engine.extension.TimeoutExtension.interceptLifecycleMethod(TimeoutExtension.java:128)
		at org.junit.jupiter.engine.extension.TimeoutExtension.interceptAfterEachMethod(TimeoutExtension.java:110)
		at org.junit.jupiter.engine.execution.InterceptingExecutableInvoker$ReflectiveInterceptorCall.lambda$ofVoidMethod$0(InterceptingExecutableInvoker.java:103)
		at org.junit.jupiter.engine.execution.InterceptingExecutableInvoker.lambda$invoke$0(InterceptingExecutableInvoker.java:93)
		at org.junit.jupiter.engine.execution.InvocationInterceptorChain$InterceptedInvocation.proceed(InvocationInterceptorChain.java:106)
		at org.junit.jupiter.engine.execution.InvocationInterceptorChain.proceed(InvocationInterceptorChain.java:64)
		at org.junit.jupiter.engine.execution.InvocationInterceptorChain.chainAndInvoke(InvocationInterceptorChain.java:45)
		at org.junit.jupiter.engine.execution.InvocationInterceptorChain.invoke(InvocationInterceptorChain.java:37)
		at org.junit.jupiter.engine.execution.InterceptingExecutableInvoker.invoke(InterceptingExecutableInvoker.java:92)
		at org.junit.jupiter.engine.execution.InterceptingExecutableInvoker.invoke(InterceptingExecutableInvoker.java:86)
		at org.junit.jupiter.engine.descriptor.ClassBasedTestDescriptor.invokeMethodInExtensionContext(ClassBasedTestDescriptor.java:520)
		at org.junit.jupiter.engine.descriptor.ClassBasedTestDescriptor.lambda$synthesizeAfterEachMethodAdapter$24(ClassBasedTestDescriptor.java:510)
		at org.junit.jupiter.engine.descriptor.TestMethodTestDescriptor.lambda$invokeAfterEachMethods$10(TestMethodTestDescriptor.java:243)
		at org.junit.jupiter.engine.descriptor.TestMethodTestDescriptor.lambda$invokeAllAfterMethodsOrCallbacks$13(TestMethodTestDescriptor.java:276)
		at org.junit.platform.engine.support.hierarchical.ThrowableCollector.execute(ThrowableCollector.java:73)
		at org.junit.jupiter.engine.descriptor.TestMethodTestDescriptor.lambda$invokeAllAfterMethodsOrCallbacks$14(TestMethodTestDescriptor.java:276)
		at java.base/java.util.ArrayList.forEach(ArrayList.java:1511)
		at org.junit.jupiter.engine.descriptor.TestMethodTestDescriptor.invokeAllAfterMethodsOrCallbacks(TestMethodTestDescriptor.java:275)
		at org.junit.jupiter.engine.descriptor.TestMethodTestDescriptor.invokeAfterEachMethods(TestMethodTestDescriptor.java:241)
		at org.junit.jupiter.engine.descriptor.TestMethodTestDescriptor.execute(TestMethodTestDescriptor.java:142)
		... 49 more
	Caused by: java.util.concurrent.ExecutionException: org.openqa.selenium.TimeoutException: Process timed out after waiting for 20000 ms.
Build info: version: '4.8.3', revision: 'e5e76298c3'
System info: os.name: 'Windows 10', os.arch: 'amd64', os.version: '10.0', java.version: '18'
Driver info: driver.version: unknown
		at java.base/java.util.concurrent.CompletableFuture.reportGet(CompletableFuture.java:396)
		at java.base/java.util.concurrent.CompletableFuture.get(CompletableFuture.java:2096)
		at org.openqa.selenium.remote.service.DriverCommandExecutor.execute(DriverCommandExecutor.java:144)
		... 81 more
	Caused by: org.openqa.selenium.TimeoutException: Process timed out after waiting for 20000 ms.
Build info: version: '4.8.3', revision: 'e5e76298c3'
System info: os.name: 'Windows 10', os.arch: 'amd64', os.version: '10.0', java.version: '18'
Driver info: driver.version: unknown
		at org.openqa.selenium.os.OsProcess.waitFor(OsProcess.java:181)
		at org.openqa.selenium.os.CommandLine.waitFor(CommandLine.java:119)
		at org.openqa.selenium.remote.service.DriverCommandExecutor.lambda$execute$2(DriverCommandExecutor.java:138)
		at java.base/java.util.concurrent.CompletableFuture$AsyncSupply.run(CompletableFuture.java:1768)
		at java.base/java.util.concurrent.ThreadPoolExecutor.runWorker(ThreadPoolExecutor.java:1136)
		at java.base/java.util.concurrent.ThreadPoolExecutor$Worker.run(ThreadPoolExecutor.java:635)
		at java.base/java.lang.Thread.run(Thread.java:833)
Caused by: java.util.concurrent.TimeoutException
	at java.base/java.util.concurrent.CompletableFuture.timedGet(CompletableFuture.java:1960)
	at java.base/java.util.concurrent.CompletableFuture.get(CompletableFuture.java:2095)
	at org.asynchttpclient.netty.NettyResponseFuture.get(NettyResponseFuture.java:206)
	at org.openqa.selenium.remote.http.netty.NettyHttpHandler.makeCall(NettyHttpHandler.java:59)
	... 87 more
]]></error>
    <system-err><![CDATA[Starting Microsoft Edge WebDriver 112.0.1722.64 (28b771e297ed78ce970c7e059bb87fe0ca0e66c1) on port 42043
To submit feedback, report a bug, or suggest new features, please visit https://github.com/MicrosoftEdge/EdgeWebDriver

Only local connections are allowed.
Please see https://aka.ms/WebDriverSecurity for suggestions on keeping Microsoft Edge WebDriver safe.

Microsoft Edge WebDriver was started successfully.
[1683036760.522][WARNING]: Public key in crx header is different from key in manifest
key from header:   MIIBIjANBgkqhkiG9w0BAQEFAAOCAQ8AMIIBCgKCAQEA9NabEmSVHDAPyAicIyfbqkAaAA0eyPVvYaAQWEMhfMtwcHJDDH/oQMB/l6dY3Ey+S2OvJU/KX/0c1oUjGu73S0woJMs1nuIc7t5ZYhYlmVF2A1NYadv5NneHHiqsJpiAYJ2pJrLKkOzVGGoLJheTNfIQOOhN+TQESEOgz8/pe34O4V4NtfYBSsYW8MGJqy/dBOE2OYs//92zKMwWZHyfHLiuzGUzZwQ0PLJnUrdv1X/zhQNmIhbs6vmRVBe0xvBDbfipMoN1iBzKIMOXJtZycF8sUqyHMNuzdBuKffyI735pw+MTg74QLnaVyZoqMZLRSjHdqz73Z9yhSLTzihMJJQIDAQAB
key from manifest: MIIBIjANBgkqhkiG9w0BAQEFAAOCAQ8AMIIBCgKCAQEAtej8nZ6GDzzNjLD1WCjkbCf15gZlrgzMn9To0ef+6Tiyk6uDSePSaaiMG+8rNgTCQM1ES6Hy8XzTJf8o19ldg1GXHE4MAdjjzDNv3ya05Vj71r/dzI9OyL45DnshMYdW7lyzHp7nt1L5uWtmZs4MiOO43RrWzrGuvhhUdQm9rz4nOgu9q7FWqZP6kUYL42TJgQ6Sc0Qu25TshDdJME3uK5z/kV3BNlmQFDhuAXQZKP/KCV2ogG7R/VcHj1a2ETjRFMQxtQUaWtCmpDYw7URD4CuRNy9LBTylNASfFCHLAEc9MWqFD1Alj63o+WsqBP/h81Vs7nH6PnXQg9+fOCpMyQIDAQAB
generated extension id from header key:   pmbpejfiehgdfknfkpdphoaohammickm
generated extension id from manifest key: odfafepnkmbhccpbejgmiehpchacaeak
May 02, 2023 10:12:44 A.M. org.openqa.selenium.devtools.CdpVersionFinder findNearestMatch
WARNING: Unable to find an exact match for CDP version 112, so returning the closest version found: 111
May 02, 2023 10:16:11 A.M. org.openqa.selenium.concurrent.ExecutorServices shutdownGracefully
WARNING: Failed to shutdown Driver Command Executor
]]></system-err>
  </testcase>
  <testcase name="Test_6" classname="org.example.AppTest" time="23.583">
    <system-err><![CDATA[Starting Microsoft Edge WebDriver 112.0.1722.64 (28b771e297ed78ce970c7e059bb87fe0ca0e66c1) on port 43671
To submit feedback, report a bug, or suggest new features, please visit https://github.com/MicrosoftEdge/EdgeWebDriver

Only local connections are allowed.
Please see https://aka.ms/WebDriverSecurity for suggestions on keeping Microsoft Edge WebDriver safe.

Microsoft Edge WebDriver was started successfully.
[1683036978.722][WARNING]: Public key in crx header is different from key in manifest
key from header:   MIIBIjANBgkqhkiG9w0BAQEFAAOCAQ8AMIIBCgKCAQEA9NabEmSVHDAPyAicIyfbqkAaAA0eyPVvYaAQWEMhfMtwcHJDDH/oQMB/l6dY3Ey+S2OvJU/KX/0c1oUjGu73S0woJMs1nuIc7t5ZYhYlmVF2A1NYadv5NneHHiqsJpiAYJ2pJrLKkOzVGGoLJheTNfIQOOhN+TQESEOgz8/pe34O4V4NtfYBSsYW8MGJqy/dBOE2OYs//92zKMwWZHyfHLiuzGUzZwQ0PLJnUrdv1X/zhQNmIhbs6vmRVBe0xvBDbfipMoN1iBzKIMOXJtZycF8sUqyHMNuzdBuKffyI735pw+MTg74QLnaVyZoqMZLRSjHdqz73Z9yhSLTzihMJJQIDAQAB
key from manifest: MIIBIjANBgkqhkiG9w0BAQEFAAOCAQ8AMIIBCgKCAQEAtej8nZ6GDzzNjLD1WCjkbCf15gZlrgzMn9To0ef+6Tiyk6uDSePSaaiMG+8rNgTCQM1ES6Hy8XzTJf8o19ldg1GXHE4MAdjjzDNv3ya05Vj71r/dzI9OyL45DnshMYdW7lyzHp7nt1L5uWtmZs4MiOO43RrWzrGuvhhUdQm9rz4nOgu9q7FWqZP6kUYL42TJgQ6Sc0Qu25TshDdJME3uK5z/kV3BNlmQFDhuAXQZKP/KCV2ogG7R/VcHj1a2ETjRFMQxtQUaWtCmpDYw7URD4CuRNy9LBTylNASfFCHLAEc9MWqFD1Alj63o+WsqBP/h81Vs7nH6PnXQg9+fOCpMyQIDAQAB
generated extension id from header key:   pmbpejfiehgdfknfkpdphoaohammickm
generated extension id from manifest key: odfafepnkmbhccpbejgmiehpchacaeak
May 02, 2023 10:16:23 A.M. org.openqa.selenium.devtools.CdpVersionFinder findNearestMatch
WARNING: Unable to find an exact match for CDP version 112, so returning the closest version found: 111
]]></system-err>
  </testcase>
  <testcase name="Test_7" classname="org.example.AppTest" time="34.397">
    <system-err><![CDATA[Starting Microsoft Edge WebDriver 112.0.1722.64 (28b771e297ed78ce970c7e059bb87fe0ca0e66c1) on port 26809
To submit feedback, report a bug, or suggest new features, please visit https://github.com/MicrosoftEdge/EdgeWebDriver

Only local connections are allowed.
Please see https://aka.ms/WebDriverSecurity for suggestions on keeping Microsoft Edge WebDriver safe.

Microsoft Edge WebDriver was started successfully.
[1683037006.133][WARNING]: Public key in crx header is different from key in manifest
key from header:   MIIBIjANBgkqhkiG9w0BAQEFAAOCAQ8AMIIBCgKCAQEA9NabEmSVHDAPyAicIyfbqkAaAA0eyPVvYaAQWEMhfMtwcHJDDH/oQMB/l6dY3Ey+S2OvJU/KX/0c1oUjGu73S0woJMs1nuIc7t5ZYhYlmVF2A1NYadv5NneHHiqsJpiAYJ2pJrLKkOzVGGoLJheTNfIQOOhN+TQESEOgz8/pe34O4V4NtfYBSsYW8MGJqy/dBOE2OYs//92zKMwWZHyfHLiuzGUzZwQ0PLJnUrdv1X/zhQNmIhbs6vmRVBe0xvBDbfipMoN1iBzKIMOXJtZycF8sUqyHMNuzdBuKffyI735pw+MTg74QLnaVyZoqMZLRSjHdqz73Z9yhSLTzihMJJQIDAQAB
key from manifest: MIIBIjANBgkqhkiG9w0BAQEFAAOCAQ8AMIIBCgKCAQEAtej8nZ6GDzzNjLD1WCjkbCf15gZlrgzMn9To0ef+6Tiyk6uDSePSaaiMG+8rNgTCQM1ES6Hy8XzTJf8o19ldg1GXHE4MAdjjzDNv3ya05Vj71r/dzI9OyL45DnshMYdW7lyzHp7nt1L5uWtmZs4MiOO43RrWzrGuvhhUdQm9rz4nOgu9q7FWqZP6kUYL42TJgQ6Sc0Qu25TshDdJME3uK5z/kV3BNlmQFDhuAXQZKP/KCV2ogG7R/VcHj1a2ETjRFMQxtQUaWtCmpDYw7URD4CuRNy9LBTylNASfFCHLAEc9MWqFD1Alj63o+WsqBP/h81Vs7nH6PnXQg9+fOCpMyQIDAQAB
generated extension id from header key:   pmbpejfiehgdfknfkpdphoaohammickm
generated extension id from manifest key: odfafepnkmbhccpbejgmiehpchacaeak
May 02, 2023 10:16:50 A.M. org.openqa.selenium.devtools.CdpVersionFinder findNearestMatch
WARNING: Unable to find an exact match for CDP version 112, so returning the closest version found: 111
]]></system-err>
  </testcase>
  <testcase name="Test_8" classname="org.example.AppTest" time="39.564">
    <system-err><![CDATA[Starting Microsoft Edge WebDriver 112.0.1722.64 (28b771e297ed78ce970c7e059bb87fe0ca0e66c1) on port 14654
To submit feedback, report a bug, or suggest new features, please visit https://github.com/MicrosoftEdge/EdgeWebDriver

Only local connections are allowed.
Please see https://aka.ms/WebDriverSecurity for suggestions on keeping Microsoft Edge WebDriver safe.

Microsoft Edge WebDriver was started successfully.
[1683037041.112][WARNING]: Public key in crx header is different from key in manifest
key from header:   MIIBIjANBgkqhkiG9w0BAQEFAAOCAQ8AMIIBCgKCAQEA9NabEmSVHDAPyAicIyfbqkAaAA0eyPVvYaAQWEMhfMtwcHJDDH/oQMB/l6dY3Ey+S2OvJU/KX/0c1oUjGu73S0woJMs1nuIc7t5ZYhYlmVF2A1NYadv5NneHHiqsJpiAYJ2pJrLKkOzVGGoLJheTNfIQOOhN+TQESEOgz8/pe34O4V4NtfYBSsYW8MGJqy/dBOE2OYs//92zKMwWZHyfHLiuzGUzZwQ0PLJnUrdv1X/zhQNmIhbs6vmRVBe0xvBDbfipMoN1iBzKIMOXJtZycF8sUqyHMNuzdBuKffyI735pw+MTg74QLnaVyZoqMZLRSjHdqz73Z9yhSLTzihMJJQIDAQAB
key from manifest: MIIBIjANBgkqhkiG9w0BAQEFAAOCAQ8AMIIBCgKCAQEAtej8nZ6GDzzNjLD1WCjkbCf15gZlrgzMn9To0ef+6Tiyk6uDSePSaaiMG+8rNgTCQM1ES6Hy8XzTJf8o19ldg1GXHE4MAdjjzDNv3ya05Vj71r/dzI9OyL45DnshMYdW7lyzHp7nt1L5uWtmZs4MiOO43RrWzrGuvhhUdQm9rz4nOgu9q7FWqZP6kUYL42TJgQ6Sc0Qu25TshDdJME3uK5z/kV3BNlmQFDhuAXQZKP/KCV2ogG7R/VcHj1a2ETjRFMQxtQUaWtCmpDYw7URD4CuRNy9LBTylNASfFCHLAEc9MWqFD1Alj63o+WsqBP/h81Vs7nH6PnXQg9+fOCpMyQIDAQAB
generated extension id from header key:   pmbpejfiehgdfknfkpdphoaohammickm
generated extension id from manifest key: odfafepnkmbhccpbejgmiehpchacaeak
May 02, 2023 10:17:25 A.M. org.openqa.selenium.devtools.CdpVersionFinder findNearestMatch
WARNING: Unable to find an exact match for CDP version 112, so returning the closest version found: 111
[1683037066.741][SEVERE]: Timed out receiving message from renderer: 300.000
[1683037066.745][SEVERE]: Timed out receiving message from renderer: 300.000
]]></system-err>
  </testcase>
  <testcase name="Test_9" classname="org.example.AppTest" time="17.994">
    <system-err><![CDATA[Starting Microsoft Edge WebDriver 112.0.1722.64 (28b771e297ed78ce970c7e059bb87fe0ca0e66c1) on port 15654
To submit feedback, report a bug, or suggest new features, please visit https://github.com/MicrosoftEdge/EdgeWebDriver

Only local connections are allowed.
Please see https://aka.ms/WebDriverSecurity for suggestions on keeping Microsoft Edge WebDriver safe.

Microsoft Edge WebDriver was started successfully.
[1683037080.338][WARNING]: Public key in crx header is different from key in manifest
key from header:   MIIBIjANBgkqhkiG9w0BAQEFAAOCAQ8AMIIBCgKCAQEA9NabEmSVHDAPyAicIyfbqkAaAA0eyPVvYaAQWEMhfMtwcHJDDH/oQMB/l6dY3Ey+S2OvJU/KX/0c1oUjGu73S0woJMs1nuIc7t5ZYhYlmVF2A1NYadv5NneHHiqsJpiAYJ2pJrLKkOzVGGoLJheTNfIQOOhN+TQESEOgz8/pe34O4V4NtfYBSsYW8MGJqy/dBOE2OYs//92zKMwWZHyfHLiuzGUzZwQ0PLJnUrdv1X/zhQNmIhbs6vmRVBe0xvBDbfipMoN1iBzKIMOXJtZycF8sUqyHMNuzdBuKffyI735pw+MTg74QLnaVyZoqMZLRSjHdqz73Z9yhSLTzihMJJQIDAQAB
key from manifest: MIIBIjANBgkqhkiG9w0BAQEFAAOCAQ8AMIIBCgKCAQEAtej8nZ6GDzzNjLD1WCjkbCf15gZlrgzMn9To0ef+6Tiyk6uDSePSaaiMG+8rNgTCQM1ES6Hy8XzTJf8o19ldg1GXHE4MAdjjzDNv3ya05Vj71r/dzI9OyL45DnshMYdW7lyzHp7nt1L5uWtmZs4MiOO43RrWzrGuvhhUdQm9rz4nOgu9q7FWqZP6kUYL42TJgQ6Sc0Qu25TshDdJME3uK5z/kV3BNlmQFDhuAXQZKP/KCV2ogG7R/VcHj1a2ETjRFMQxtQUaWtCmpDYw7URD4CuRNy9LBTylNASfFCHLAEc9MWqFD1Alj63o+WsqBP/h81Vs7nH6PnXQg9+fOCpMyQIDAQAB
generated extension id from header key:   pmbpejfiehgdfknfkpdphoaohammickm
generated extension id from manifest key: odfafepnkmbhccpbejgmiehpchacaeak
May 02, 2023 10:18:04 A.M. org.openqa.selenium.devtools.CdpVersionFinder findNearestMatch
WARNING: Unable to find an exact match for CDP version 112, so returning the closest version found: 111
]]></system-err>
  </testcase>
  <testcase name="Test_3_5" classname="org.example.AppTest" time="14.066">
    <system-err><![CDATA[Starting Microsoft Edge WebDriver 112.0.1722.64 (28b771e297ed78ce970c7e059bb87fe0ca0e66c1) on port 1431
To submit feedback, report a bug, or suggest new features, please visit https://github.com/MicrosoftEdge/EdgeWebDriver

Only local connections are allowed.
Please see https://aka.ms/WebDriverSecurity for suggestions on keeping Microsoft Edge WebDriver safe.

Microsoft Edge WebDriver was started successfully.
[1683037094.786][WARNING]: Public key in crx header is different from key in manifest
key from header:   MIIBIjANBgkqhkiG9w0BAQEFAAOCAQ8AMIIBCgKCAQEA9NabEmSVHDAPyAicIyfbqkAaAA0eyPVvYaAQWEMhfMtwcHJDDH/oQMB/l6dY3Ey+S2OvJU/KX/0c1oUjGu73S0woJMs1nuIc7t5ZYhYlmVF2A1NYadv5NneHHiqsJpiAYJ2pJrLKkOzVGGoLJheTNfIQOOhN+TQESEOgz8/pe34O4V4NtfYBSsYW8MGJqy/dBOE2OYs//92zKMwWZHyfHLiuzGUzZwQ0PLJnUrdv1X/zhQNmIhbs6vmRVBe0xvBDbfipMoN1iBzKIMOXJtZycF8sUqyHMNuzdBuKffyI735pw+MTg74QLnaVyZoqMZLRSjHdqz73Z9yhSLTzihMJJQIDAQAB
key from manifest: MIIBIjANBgkqhkiG9w0BAQEFAAOCAQ8AMIIBCgKCAQEAtej8nZ6GDzzNjLD1WCjkbCf15gZlrgzMn9To0ef+6Tiyk6uDSePSaaiMG+8rNgTCQM1ES6Hy8XzTJf8o19ldg1GXHE4MAdjjzDNv3ya05Vj71r/dzI9OyL45DnshMYdW7lyzHp7nt1L5uWtmZs4MiOO43RrWzrGuvhhUdQm9rz4nOgu9q7FWqZP6kUYL42TJgQ6Sc0Qu25TshDdJME3uK5z/kV3BNlmQFDhuAXQZKP/KCV2ogG7R/VcHj1a2ETjRFMQxtQUaWtCmpDYw7URD4CuRNy9LBTylNASfFCHLAEc9MWqFD1Alj63o+WsqBP/h81Vs7nH6PnXQg9+fOCpMyQIDAQAB
generated extension id from header key:   pmbpejfiehgdfknfkpdphoaohammickm
generated extension id from manifest key: odfafepnkmbhccpbejgmiehpchacaeak
May 02, 2023 10:18:18 A.M. org.openqa.selenium.devtools.CdpVersionFinder findNearestMatch
WARNING: Unable to find an exact match for CDP version 112, so returning the closest version found: 111
]]></system-err>
  </testcase>
  <testcase name="Test_10" classname="org.example.AppTest" time="15.245">
    <system-err><![CDATA[Starting Microsoft Edge WebDriver 112.0.1722.64 (28b771e297ed78ce970c7e059bb87fe0ca0e66c1) on port 18960
To submit feedback, report a bug, or suggest new features, please visit https://github.com/MicrosoftEdge/EdgeWebDriver

Only local connections are allowed.
Please see https://aka.ms/WebDriverSecurity for suggestions on keeping Microsoft Edge WebDriver safe.

Microsoft Edge WebDriver was started successfully.
[1683037108.913][WARNING]: Public key in crx header is different from key in manifest
key from header:   MIIBIjANBgkqhkiG9w0BAQEFAAOCAQ8AMIIBCgKCAQEA9NabEmSVHDAPyAicIyfbqkAaAA0eyPVvYaAQWEMhfMtwcHJDDH/oQMB/l6dY3Ey+S2OvJU/KX/0c1oUjGu73S0woJMs1nuIc7t5ZYhYlmVF2A1NYadv5NneHHiqsJpiAYJ2pJrLKkOzVGGoLJheTNfIQOOhN+TQESEOgz8/pe34O4V4NtfYBSsYW8MGJqy/dBOE2OYs//92zKMwWZHyfHLiuzGUzZwQ0PLJnUrdv1X/zhQNmIhbs6vmRVBe0xvBDbfipMoN1iBzKIMOXJtZycF8sUqyHMNuzdBuKffyI735pw+MTg74QLnaVyZoqMZLRSjHdqz73Z9yhSLTzihMJJQIDAQAB
key from manifest: MIIBIjANBgkqhkiG9w0BAQEFAAOCAQ8AMIIBCgKCAQEAtej8nZ6GDzzNjLD1WCjkbCf15gZlrgzMn9To0ef+6Tiyk6uDSePSaaiMG+8rNgTCQM1ES6Hy8XzTJf8o19ldg1GXHE4MAdjjzDNv3ya05Vj71r/dzI9OyL45DnshMYdW7lyzHp7nt1L5uWtmZs4MiOO43RrWzrGuvhhUdQm9rz4nOgu9q7FWqZP6kUYL42TJgQ6Sc0Qu25TshDdJME3uK5z/kV3BNlmQFDhuAXQZKP/KCV2ogG7R/VcHj1a2ETjRFMQxtQUaWtCmpDYw7URD4CuRNy9LBTylNASfFCHLAEc9MWqFD1Alj63o+WsqBP/h81Vs7nH6PnXQg9+fOCpMyQIDAQAB
generated extension id from header key:   pmbpejfiehgdfknfkpdphoaohammickm
generated extension id from manifest key: odfafepnkmbhccpbejgmiehpchacaeak
May 02, 2023 10:18:34 A.M. org.openqa.selenium.devtools.CdpVersionFinder findNearestMatch
WARNING: Unable to find an exact match for CDP version 112, so returning the closest version found: 111
]]></system-err>
  </testcase>
  <testcase name="Test_11" classname="org.example.AppTest" time="16.332">
    <system-err><![CDATA[Starting Microsoft Edge WebDriver 112.0.1722.64 (28b771e297ed78ce970c7e059bb87fe0ca0e66c1) on port 3080
To submit feedback, report a bug, or suggest new features, please visit https://github.com/MicrosoftEdge/EdgeWebDriver

Only local connections are allowed.
Please see https://aka.ms/WebDriverSecurity for suggestions on keeping Microsoft Edge WebDriver safe.

Microsoft Edge WebDriver was started successfully.
[1683037124.272][WARNING]: Public key in crx header is different from key in manifest
key from header:   MIIBIjANBgkqhkiG9w0BAQEFAAOCAQ8AMIIBCgKCAQEA9NabEmSVHDAPyAicIyfbqkAaAA0eyPVvYaAQWEMhfMtwcHJDDH/oQMB/l6dY3Ey+S2OvJU/KX/0c1oUjGu73S0woJMs1nuIc7t5ZYhYlmVF2A1NYadv5NneHHiqsJpiAYJ2pJrLKkOzVGGoLJheTNfIQOOhN+TQESEOgz8/pe34O4V4NtfYBSsYW8MGJqy/dBOE2OYs//92zKMwWZHyfHLiuzGUzZwQ0PLJnUrdv1X/zhQNmIhbs6vmRVBe0xvBDbfipMoN1iBzKIMOXJtZycF8sUqyHMNuzdBuKffyI735pw+MTg74QLnaVyZoqMZLRSjHdqz73Z9yhSLTzihMJJQIDAQAB
key from manifest: MIIBIjANBgkqhkiG9w0BAQEFAAOCAQ8AMIIBCgKCAQEAtej8nZ6GDzzNjLD1WCjkbCf15gZlrgzMn9To0ef+6Tiyk6uDSePSaaiMG+8rNgTCQM1ES6Hy8XzTJf8o19ldg1GXHE4MAdjjzDNv3ya05Vj71r/dzI9OyL45DnshMYdW7lyzHp7nt1L5uWtmZs4MiOO43RrWzrGuvhhUdQm9rz4nOgu9q7FWqZP6kUYL42TJgQ6Sc0Qu25TshDdJME3uK5z/kV3BNlmQFDhuAXQZKP/KCV2ogG7R/VcHj1a2ETjRFMQxtQUaWtCmpDYw7URD4CuRNy9LBTylNASfFCHLAEc9MWqFD1Alj63o+WsqBP/h81Vs7nH6PnXQg9+fOCpMyQIDAQAB
generated extension id from header key:   pmbpejfiehgdfknfkpdphoaohammickm
generated extension id from manifest key: odfafepnkmbhccpbejgmiehpchacaeak
May 02, 2023 10:18:48 A.M. org.openqa.selenium.devtools.CdpVersionFinder findNearestMatch
WARNING: Unable to find an exact match for CDP version 112, so returning the closest version found: 111
]]></system-err>
  </testcase>
  <testcase name="Test_12" classname="org.example.AppTest" time="15.191">
    <system-err><![CDATA[Starting Microsoft Edge WebDriver 112.0.1722.64 (28b771e297ed78ce970c7e059bb87fe0ca0e66c1) on port 36092
To submit feedback, report a bug, or suggest new features, please visit https://github.com/MicrosoftEdge/EdgeWebDriver

Only local connections are allowed.
Please see https://aka.ms/WebDriverSecurity for suggestions on keeping Microsoft Edge WebDriver safe.

Microsoft Edge WebDriver was started successfully.
[1683037141.253][WARNING]: Public key in crx header is different from key in manifest
key from header:   MIIBIjANBgkqhkiG9w0BAQEFAAOCAQ8AMIIBCgKCAQEA9NabEmSVHDAPyAicIyfbqkAaAA0eyPVvYaAQWEMhfMtwcHJDDH/oQMB/l6dY3Ey+S2OvJU/KX/0c1oUjGu73S0woJMs1nuIc7t5ZYhYlmVF2A1NYadv5NneHHiqsJpiAYJ2pJrLKkOzVGGoLJheTNfIQOOhN+TQESEOgz8/pe34O4V4NtfYBSsYW8MGJqy/dBOE2OYs//92zKMwWZHyfHLiuzGUzZwQ0PLJnUrdv1X/zhQNmIhbs6vmRVBe0xvBDbfipMoN1iBzKIMOXJtZycF8sUqyHMNuzdBuKffyI735pw+MTg74QLnaVyZoqMZLRSjHdqz73Z9yhSLTzihMJJQIDAQAB
key from manifest: MIIBIjANBgkqhkiG9w0BAQEFAAOCAQ8AMIIBCgKCAQEAtej8nZ6GDzzNjLD1WCjkbCf15gZlrgzMn9To0ef+6Tiyk6uDSePSaaiMG+8rNgTCQM1ES6Hy8XzTJf8o19ldg1GXHE4MAdjjzDNv3ya05Vj71r/dzI9OyL45DnshMYdW7lyzHp7nt1L5uWtmZs4MiOO43RrWzrGuvhhUdQm9rz4nOgu9q7FWqZP6kUYL42TJgQ6Sc0Qu25TshDdJME3uK5z/kV3BNlmQFDhuAXQZKP/KCV2ogG7R/VcHj1a2ETjRFMQxtQUaWtCmpDYw7URD4CuRNy9LBTylNASfFCHLAEc9MWqFD1Alj63o+WsqBP/h81Vs7nH6PnXQg9+fOCpMyQIDAQAB
generated extension id from header key:   pmbpejfiehgdfknfkpdphoaohammickm
generated extension id from manifest key: odfafepnkmbhccpbejgmiehpchacaeak
May 02, 2023 10:19:05 A.M. org.openqa.selenium.devtools.CdpVersionFinder findNearestMatch
WARNING: Unable to find an exact match for CDP version 112, so returning the closest version found: 111
]]></system-err>
  </testcase>
  <testcase name="Test_13" classname="org.example.AppTest" time="38.49">
    <system-err><![CDATA[Starting Microsoft Edge WebDriver 112.0.1722.64 (28b771e297ed78ce970c7e059bb87fe0ca0e66c1) on port 27597
To submit feedback, report a bug, or suggest new features, please visit https://github.com/MicrosoftEdge/EdgeWebDriver

Only local connections are allowed.
Please see https://aka.ms/WebDriverSecurity for suggestions on keeping Microsoft Edge WebDriver safe.

Microsoft Edge WebDriver was started successfully.
[1683037159.779][WARNING]: Public key in crx header is different from key in manifest
key from header:   MIIBIjANBgkqhkiG9w0BAQEFAAOCAQ8AMIIBCgKCAQEA9NabEmSVHDAPyAicIyfbqkAaAA0eyPVvYaAQWEMhfMtwcHJDDH/oQMB/l6dY3Ey+S2OvJU/KX/0c1oUjGu73S0woJMs1nuIc7t5ZYhYlmVF2A1NYadv5NneHHiqsJpiAYJ2pJrLKkOzVGGoLJheTNfIQOOhN+TQESEOgz8/pe34O4V4NtfYBSsYW8MGJqy/dBOE2OYs//92zKMwWZHyfHLiuzGUzZwQ0PLJnUrdv1X/zhQNmIhbs6vmRVBe0xvBDbfipMoN1iBzKIMOXJtZycF8sUqyHMNuzdBuKffyI735pw+MTg74QLnaVyZoqMZLRSjHdqz73Z9yhSLTzihMJJQIDAQAB
key from manifest: MIIBIjANBgkqhkiG9w0BAQEFAAOCAQ8AMIIBCgKCAQEAtej8nZ6GDzzNjLD1WCjkbCf15gZlrgzMn9To0ef+6Tiyk6uDSePSaaiMG+8rNgTCQM1ES6Hy8XzTJf8o19ldg1GXHE4MAdjjzDNv3ya05Vj71r/dzI9OyL45DnshMYdW7lyzHp7nt1L5uWtmZs4MiOO43RrWzrGuvhhUdQm9rz4nOgu9q7FWqZP6kUYL42TJgQ6Sc0Qu25TshDdJME3uK5z/kV3BNlmQFDhuAXQZKP/KCV2ogG7R/VcHj1a2ETjRFMQxtQUaWtCmpDYw7URD4CuRNy9LBTylNASfFCHLAEc9MWqFD1Alj63o+WsqBP/h81Vs7nH6PnXQg9+fOCpMyQIDAQAB
generated extension id from header key:   pmbpejfiehgdfknfkpdphoaohammickm
generated extension id from manifest key: odfafepnkmbhccpbejgmiehpchacaeak
May 02, 2023 10:19:24 A.M. org.openqa.selenium.devtools.CdpVersionFinder findNearestMatch
WARNING: Unable to find an exact match for CDP version 112, so returning the closest version found: 111
May 02, 2023 10:19:46 A.M. org.openqa.selenium.os.OsProcess destroy
SEVERE: Unable to kill process Process[pid=2040, exitValue=1]
]]></system-err>
  </testcase>
  <testcase name="RunMyTest" classname="org.example.AppTest" time="20.711">
    <system-err><![CDATA[Starting Microsoft Edge WebDriver 112.0.1722.64 (28b771e297ed78ce970c7e059bb87fe0ca0e66c1) on port 22982
To submit feedback, report a bug, or suggest new features, please visit https://github.com/MicrosoftEdge/EdgeWebDriver

Only local connections are allowed.
Please see https://aka.ms/WebDriverSecurity for suggestions on keeping Microsoft Edge WebDriver safe.

Microsoft Edge WebDriver was started successfully.
[1683037191.737][WARNING]: Public key in crx header is different from key in manifest
key from header:   MIIBIjANBgkqhkiG9w0BAQEFAAOCAQ8AMIIBCgKCAQEA9NabEmSVHDAPyAicIyfbqkAaAA0eyPVvYaAQWEMhfMtwcHJDDH/oQMB/l6dY3Ey+S2OvJU/KX/0c1oUjGu73S0woJMs1nuIc7t5ZYhYlmVF2A1NYadv5NneHHiqsJpiAYJ2pJrLKkOzVGGoLJheTNfIQOOhN+TQESEOgz8/pe34O4V4NtfYBSsYW8MGJqy/dBOE2OYs//92zKMwWZHyfHLiuzGUzZwQ0PLJnUrdv1X/zhQNmIhbs6vmRVBe0xvBDbfipMoN1iBzKIMOXJtZycF8sUqyHMNuzdBuKffyI735pw+MTg74QLnaVyZoqMZLRSjHdqz73Z9yhSLTzihMJJQIDAQAB
key from manifest: MIIBIjANBgkqhkiG9w0BAQEFAAOCAQ8AMIIBCgKCAQEAtej8nZ6GDzzNjLD1WCjkbCf15gZlrgzMn9To0ef+6Tiyk6uDSePSaaiMG+8rNgTCQM1ES6Hy8XzTJf8o19ldg1GXHE4MAdjjzDNv3ya05Vj71r/dzI9OyL45DnshMYdW7lyzHp7nt1L5uWtmZs4MiOO43RrWzrGuvhhUdQm9rz4nOgu9q7FWqZP6kUYL42TJgQ6Sc0Qu25TshDdJME3uK5z/kV3BNlmQFDhuAXQZKP/KCV2ogG7R/VcHj1a2ETjRFMQxtQUaWtCmpDYw7URD4CuRNy9LBTylNASfFCHLAEc9MWqFD1Alj63o+WsqBP/h81Vs7nH6PnXQg9+fOCpMyQIDAQAB
generated extension id from header key:   pmbpejfiehgdfknfkpdphoaohammickm
generated extension id from manifest key: odfafepnkmbhccpbejgmiehpchacaeak
May 02, 2023 10:19:56 A.M. org.openqa.selenium.devtools.CdpVersionFinder findNearestMatch
WARNING: Unable to find an exact match for CDP version 112, so returning the closest version found: 111
]]></system-err>
  </testcase>
</testsuite>