<?xml version="1.0" encoding="UTF-8"?>
<testsuite xmlns:xsi="http://www.w3.org/2001/XMLSchema-instance" xsi:noNamespaceSchemaLocation="https://maven.apache.org/surefire/maven-surefire-plugin/xsd/surefire-test-report-3.0.xsd" version="3.0" name="org.example.AppTest" time="399.204" tests="13" errors="0" skipped="0" failures="0">
  <properties>
    <property name="java.specification.version" value="18"/>
    <property name="sun.cpu.isalist" value="amd64"/>
    <property name="sun.jnu.encoding" value="Cp1252"/>
    <property name="java.class.path" value="C:\Users\eyam\repos\JavaFramework\target\test-classes;C:\Users\eyam\repos\JavaFramework\target\classes;C:\Users\eyam\.m2\repository\org\junit\jupiter\junit-jupiter-api\5.9.2\junit-jupiter-api-5.9.2.jar;C:\Users\eyam\.m2\repository\org\opentest4j\opentest4j\1.2.0\opentest4j-1.2.0.jar;C:\Users\eyam\.m2\repository\org\junit\platform\junit-platform-commons\1.9.2\junit-platform-commons-1.9.2.jar;C:\Users\eyam\.m2\repository\org\apiguardian\apiguardian-api\1.1.2\apiguardian-api-1.1.2.jar;C:\Users\eyam\.m2\repository\org\junit\platform\junit-platform-suite\1.9.2\junit-platform-suite-1.9.2.jar;C:\Users\eyam\.m2\repository\org\junit\platform\junit-platform-suite-api\1.9.2\junit-platform-suite-api-1.9.2.jar;C:\Users\eyam\.m2\repository\org\junit\platform\junit-platform-suite-engine\1.9.2\junit-platform-suite-engine-1.9.2.jar;C:\Users\eyam\.m2\repository\org\junit\platform\junit-platform-suite-commons\1.9.2\junit-platform-suite-commons-1.9.2.jar;C:\Users\eyam\.m2\repository\org\junit\platform\junit-platform-launcher\1.9.2\junit-platform-launcher-1.9.2.jar;C:\Users\eyam\.m2\repository\org\junit\jupiter\junit-jupiter-engine\5.9.2\junit-jupiter-engine-5.9.2.jar;C:\Users\eyam\.m2\repository\org\junit\platform\junit-platform-engine\1.9.2\junit-platform-engine-1.9.2.jar;C:\Users\eyam\.m2\repository\org\seleniumhq\selenium\selenium-java\4.8.3\selenium-java-4.8.3.jar;C:\Users\eyam\.m2\repository\org\seleniumhq\selenium\selenium-api\4.8.3\selenium-api-4.8.3.jar;C:\Users\eyam\.m2\repository\org\seleniumhq\selenium\selenium-chrome-driver\4.8.3\selenium-chrome-driver-4.8.3.jar;C:\Users\eyam\.m2\repository\com\google\auto\service\auto-service-annotations\1.0.1\auto-service-annotations-1.0.1.jar;C:\Users\eyam\.m2\repository\com\google\auto\service\auto-service\1.0.1\auto-service-1.0.1.jar;C:\Users\eyam\.m2\repository\com\google\auto\auto-common\1.2\auto-common-1.2.jar;C:\Users\eyam\.m2\repository\com\google\guava\guava\31.1-jre\guava-31.1-jre.jar;C:\Users\eyam\.m2\repository\com\google\guava\failureaccess\1.0.1\failureaccess-1.0.1.jar;C:\Users\eyam\.m2\repository\com\google\guava\listenablefuture\9999.0-empty-to-avoid-conflict-with-guava\listenablefuture-9999.0-empty-to-avoid-conflict-with-guava.jar;C:\Users\eyam\.m2\repository\com\google\code\findbugs\jsr305\3.0.2\jsr305-3.0.2.jar;C:\Users\eyam\.m2\repository\org\checkerframework\checker-qual\3.12.0\checker-qual-3.12.0.jar;C:\Users\eyam\.m2\repository\com\google\errorprone\error_prone_annotations\2.11.0\error_prone_annotations-2.11.0.jar;C:\Users\eyam\.m2\repository\com\google\j2objc\j2objc-annotations\1.3\j2objc-annotations-1.3.jar;C:\Users\eyam\.m2\repository\org\seleniumhq\selenium\selenium-chromium-driver\4.8.3\selenium-chromium-driver-4.8.3.jar;C:\Users\eyam\.m2\repository\org\seleniumhq\selenium\selenium-json\4.8.3\selenium-json-4.8.3.jar;C:\Users\eyam\.m2\repository\org\seleniumhq\selenium\selenium-manager\4.8.3\selenium-manager-4.8.3.jar;C:\Users\eyam\.m2\repository\org\seleniumhq\selenium\selenium-devtools-v109\4.8.3\selenium-devtools-v109-4.8.3.jar;C:\Users\eyam\.m2\repository\org\seleniumhq\selenium\selenium-devtools-v110\4.8.3\selenium-devtools-v110-4.8.3.jar;C:\Users\eyam\.m2\repository\org\seleniumhq\selenium\selenium-devtools-v111\4.8.3\selenium-devtools-v111-4.8.3.jar;C:\Users\eyam\.m2\repository\org\seleniumhq\selenium\selenium-devtools-v85\4.8.3\selenium-devtools-v85-4.8.3.jar;C:\Users\eyam\.m2\repository\org\seleniumhq\selenium\selenium-edge-driver\4.8.3\selenium-edge-driver-4.8.3.jar;C:\Users\eyam\.m2\repository\org\seleniumhq\selenium\selenium-firefox-driver\4.8.3\selenium-firefox-driver-4.8.3.jar;C:\Users\eyam\.m2\repository\org\seleniumhq\selenium\selenium-http\4.8.3\selenium-http-4.8.3.jar;C:\Users\eyam\.m2\repository\dev\failsafe\failsafe\3.3.1\failsafe-3.3.1.jar;C:\Users\eyam\.m2\repository\org\seleniumhq\selenium\selenium-ie-driver\4.8.3\selenium-ie-driver-4.8.3.jar;C:\Users\eyam\.m2\repository\org\seleniumhq\selenium\selenium-remote-driver\4.8.3\selenium-remote-driver-4.8.3.jar;C:\Users\eyam\.m2\repository\com\beust\jcommander\1.82\jcommander-1.82.jar;C:\Users\eyam\.m2\repository\io\netty\netty-buffer\4.1.90.Final\netty-buffer-4.1.90.Final.jar;C:\Users\eyam\.m2\repository\io\netty\netty-codec-http\4.1.90.Final\netty-codec-http-4.1.90.Final.jar;C:\Users\eyam\.m2\repository\io\netty\netty-codec\4.1.90.Final\netty-codec-4.1.90.Final.jar;C:\Users\eyam\.m2\repository\io\netty\netty-handler\4.1.90.Final\netty-handler-4.1.90.Final.jar;C:\Users\eyam\.m2\repository\io\netty\netty-common\4.1.90.Final\netty-common-4.1.90.Final.jar;C:\Users\eyam\.m2\repository\io\netty\netty-transport-classes-epoll\4.1.90.Final\netty-transport-classes-epoll-4.1.90.Final.jar;C:\Users\eyam\.m2\repository\io\netty\netty-transport-classes-kqueue\4.1.90.Final\netty-transport-classes-kqueue-4.1.90.Final.jar;C:\Users\eyam\.m2\repository\io\netty\netty-transport-native-epoll\4.1.90.Final\netty-transport-native-epoll-4.1.90.Final.jar;C:\Users\eyam\.m2\repository\io\netty\netty-transport-native-kqueue\4.1.90.Final\netty-transport-native-kqueue-4.1.90.Final.jar;C:\Users\eyam\.m2\repository\io\netty\netty-transport-native-unix-common\4.1.90.Final\netty-transport-native-unix-common-4.1.90.Final.jar;C:\Users\eyam\.m2\repository\io\netty\netty-transport\4.1.90.Final\netty-transport-4.1.90.Final.jar;C:\Users\eyam\.m2\repository\io\netty\netty-resolver\4.1.90.Final\netty-resolver-4.1.90.Final.jar;C:\Users\eyam\.m2\repository\io\opentelemetry\opentelemetry-api\1.24.0\opentelemetry-api-1.24.0.jar;C:\Users\eyam\.m2\repository\io\opentelemetry\opentelemetry-context\1.24.0\opentelemetry-context-1.24.0.jar;C:\Users\eyam\.m2\repository\io\opentelemetry\opentelemetry-exporter-logging\1.24.0\opentelemetry-exporter-logging-1.24.0.jar;C:\Users\eyam\.m2\repository\io\opentelemetry\opentelemetry-sdk-metrics\1.24.0\opentelemetry-sdk-metrics-1.24.0.jar;C:\Users\eyam\.m2\repository\io\opentelemetry\opentelemetry-sdk-logs\1.24.0-alpha\opentelemetry-sdk-logs-1.24.0-alpha.jar;C:\Users\eyam\.m2\repository\io\opentelemetry\opentelemetry-api-logs\1.24.0-alpha\opentelemetry-api-logs-1.24.0-alpha.jar;C:\Users\eyam\.m2\repository\io\opentelemetry\opentelemetry-api-events\1.24.0-alpha\opentelemetry-api-events-1.24.0-alpha.jar;C:\Users\eyam\.m2\repository\io\opentelemetry\opentelemetry-sdk-common\1.24.0\opentelemetry-sdk-common-1.24.0.jar;C:\Users\eyam\.m2\repository\io\opentelemetry\opentelemetry-sdk-extension-autoconfigure-spi\1.24.0\opentelemetry-sdk-extension-autoconfigure-spi-1.24.0.jar;C:\Users\eyam\.m2\repository\io\opentelemetry\opentelemetry-sdk-extension-autoconfigure\1.24.0-alpha\opentelemetry-sdk-extension-autoconfigure-1.24.0-alpha.jar;C:\Users\eyam\.m2\repository\io\opentelemetry\opentelemetry-sdk-trace\1.24.0\opentelemetry-sdk-trace-1.24.0.jar;C:\Users\eyam\.m2\repository\io\opentelemetry\opentelemetry-sdk\1.24.0\opentelemetry-sdk-1.24.0.jar;C:\Users\eyam\.m2\repository\io\opentelemetry\opentelemetry-semconv\1.24.0-alpha\opentelemetry-semconv-1.24.0-alpha.jar;C:\Users\eyam\.m2\repository\io\ous\jtoml\2.0.0\jtoml-2.0.0.jar;C:\Users\eyam\.m2\repository\net\bytebuddy\byte-buddy\1.14.2\byte-buddy-1.14.2.jar;C:\Users\eyam\.m2\repository\org\apache\commons\commons-exec\1.3\commons-exec-1.3.jar;C:\Users\eyam\.m2\repository\org\asynchttpclient\async-http-client\2.12.3\async-http-client-2.12.3.jar;C:\Users\eyam\.m2\repository\org\asynchttpclient\async-http-client-netty-utils\2.12.3\async-http-client-netty-utils-2.12.3.jar;C:\Users\eyam\.m2\repository\io\netty\netty-codec-socks\4.1.60.Final\netty-codec-socks-4.1.60.Final.jar;C:\Users\eyam\.m2\repository\io\netty\netty-handler-proxy\4.1.60.Final\netty-handler-proxy-4.1.60.Final.jar;C:\Users\eyam\.m2\repository\io\netty\netty-transport-native-epoll\4.1.60.Final\netty-transport-native-epoll-4.1.60.Final-linux-x86_64.jar;C:\Users\eyam\.m2\repository\io\netty\netty-transport-native-kqueue\4.1.60.Final\netty-transport-native-kqueue-4.1.60.Final-osx-x86_64.jar;C:\Users\eyam\.m2\repository\org\reactivestreams\reactive-streams\1.0.3\reactive-streams-1.0.3.jar;C:\Users\eyam\.m2\repository\com\typesafe\netty\netty-reactive-streams\2.0.4\netty-reactive-streams-2.0.4.jar;C:\Users\eyam\.m2\repository\org\slf4j\slf4j-api\1.7.30\slf4j-api-1.7.30.jar;C:\Users\eyam\.m2\repository\com\sun\activation\jakarta.activation\1.2.2\jakarta.activation-1.2.2.jar;C:\Users\eyam\.m2\repository\org\seleniumhq\selenium\selenium-safari-driver\4.8.3\selenium-safari-driver-4.8.3.jar;C:\Users\eyam\.m2\repository\org\seleniumhq\selenium\selenium-support\4.8.3\selenium-support-4.8.3.jar;"/>
    <property name="java.vm.vendor" value="Oracle Corporation"/>
    <property name="sun.arch.data.model" value="64"/>
    <property name="user.variant" value=""/>
    <property name="java.vendor.url" value="https://java.oracle.com/"/>
    <property name="user.timezone" value="America/Toronto"/>
    <property name="os.name" value="Windows 10"/>
    <property name="java.vm.specification.version" value="18"/>
    <property name="sun.java.launcher" value="SUN_STANDARD"/>
    <property name="user.country" value="CA"/>
    <property name="sun.boot.library.path" value="C:\Program Files\Java\jdk-18\bin"/>
    <property name="sun.java.command" value="C:\Users\eyam\AppData\Local\Temp\surefire13250400145551286565\surefirebooter-20230501101448498_3.jar C:\Users\eyam\AppData\Local\Temp\surefire13250400145551286565 2023-05-01T10-14-48_269-jvmRun1 surefire-20230501101448498_1tmp surefire_0-20230501101448498_2tmp"/>
    <property name="jdk.debug" value="release"/>
    <property name="surefire.test.class.path" value="C:\Users\eyam\repos\JavaFramework\target\test-classes;C:\Users\eyam\repos\JavaFramework\target\classes;C:\Users\eyam\.m2\repository\org\junit\jupiter\junit-jupiter-api\5.9.2\junit-jupiter-api-5.9.2.jar;C:\Users\eyam\.m2\repository\org\opentest4j\opentest4j\1.2.0\opentest4j-1.2.0.jar;C:\Users\eyam\.m2\repository\org\junit\platform\junit-platform-commons\1.9.2\junit-platform-commons-1.9.2.jar;C:\Users\eyam\.m2\repository\org\apiguardian\apiguardian-api\1.1.2\apiguardian-api-1.1.2.jar;C:\Users\eyam\.m2\repository\org\junit\platform\junit-platform-suite\1.9.2\junit-platform-suite-1.9.2.jar;C:\Users\eyam\.m2\repository\org\junit\platform\junit-platform-suite-api\1.9.2\junit-platform-suite-api-1.9.2.jar;C:\Users\eyam\.m2\repository\org\junit\platform\junit-platform-suite-engine\1.9.2\junit-platform-suite-engine-1.9.2.jar;C:\Users\eyam\.m2\repository\org\junit\platform\junit-platform-suite-commons\1.9.2\junit-platform-suite-commons-1.9.2.jar;C:\Users\eyam\.m2\repository\org\junit\platform\junit-platform-launcher\1.9.2\junit-platform-launcher-1.9.2.jar;C:\Users\eyam\.m2\repository\org\junit\jupiter\junit-jupiter-engine\5.9.2\junit-jupiter-engine-5.9.2.jar;C:\Users\eyam\.m2\repository\org\junit\platform\junit-platform-engine\1.9.2\junit-platform-engine-1.9.2.jar;C:\Users\eyam\.m2\repository\org\seleniumhq\selenium\selenium-java\4.8.3\selenium-java-4.8.3.jar;C:\Users\eyam\.m2\repository\org\seleniumhq\selenium\selenium-api\4.8.3\selenium-api-4.8.3.jar;C:\Users\eyam\.m2\repository\org\seleniumhq\selenium\selenium-chrome-driver\4.8.3\selenium-chrome-driver-4.8.3.jar;C:\Users\eyam\.m2\repository\com\google\auto\service\auto-service-annotations\1.0.1\auto-service-annotations-1.0.1.jar;C:\Users\eyam\.m2\repository\com\google\auto\service\auto-service\1.0.1\auto-service-1.0.1.jar;C:\Users\eyam\.m2\repository\com\google\auto\auto-common\1.2\auto-common-1.2.jar;C:\Users\eyam\.m2\repository\com\google\guava\guava\31.1-jre\guava-31.1-jre.jar;C:\Users\eyam\.m2\repository\com\google\guava\failureaccess\1.0.1\failureaccess-1.0.1.jar;C:\Users\eyam\.m2\repository\com\google\guava\listenablefuture\9999.0-empty-to-avoid-conflict-with-guava\listenablefuture-9999.0-empty-to-avoid-conflict-with-guava.jar;C:\Users\eyam\.m2\repository\com\google\code\findbugs\jsr305\3.0.2\jsr305-3.0.2.jar;C:\Users\eyam\.m2\repository\org\checkerframework\checker-qual\3.12.0\checker-qual-3.12.0.jar;C:\Users\eyam\.m2\repository\com\google\errorprone\error_prone_annotations\2.11.0\error_prone_annotations-2.11.0.jar;C:\Users\eyam\.m2\repository\com\google\j2objc\j2objc-annotations\1.3\j2objc-annotations-1.3.jar;C:\Users\eyam\.m2\repository\org\seleniumhq\selenium\selenium-chromium-driver\4.8.3\selenium-chromium-driver-4.8.3.jar;C:\Users\eyam\.m2\repository\org\seleniumhq\selenium\selenium-json\4.8.3\selenium-json-4.8.3.jar;C:\Users\eyam\.m2\repository\org\seleniumhq\selenium\selenium-manager\4.8.3\selenium-manager-4.8.3.jar;C:\Users\eyam\.m2\repository\org\seleniumhq\selenium\selenium-devtools-v109\4.8.3\selenium-devtools-v109-4.8.3.jar;C:\Users\eyam\.m2\repository\org\seleniumhq\selenium\selenium-devtools-v110\4.8.3\selenium-devtools-v110-4.8.3.jar;C:\Users\eyam\.m2\repository\org\seleniumhq\selenium\selenium-devtools-v111\4.8.3\selenium-devtools-v111-4.8.3.jar;C:\Users\eyam\.m2\repository\org\seleniumhq\selenium\selenium-devtools-v85\4.8.3\selenium-devtools-v85-4.8.3.jar;C:\Users\eyam\.m2\repository\org\seleniumhq\selenium\selenium-edge-driver\4.8.3\selenium-edge-driver-4.8.3.jar;C:\Users\eyam\.m2\repository\org\seleniumhq\selenium\selenium-firefox-driver\4.8.3\selenium-firefox-driver-4.8.3.jar;C:\Users\eyam\.m2\repository\org\seleniumhq\selenium\selenium-http\4.8.3\selenium-http-4.8.3.jar;C:\Users\eyam\.m2\repository\dev\failsafe\failsafe\3.3.1\failsafe-3.3.1.jar;C:\Users\eyam\.m2\repository\org\seleniumhq\selenium\selenium-ie-driver\4.8.3\selenium-ie-driver-4.8.3.jar;C:\Users\eyam\.m2\repository\org\seleniumhq\selenium\selenium-remote-driver\4.8.3\selenium-remote-driver-4.8.3.jar;C:\Users\eyam\.m2\repository\com\beust\jcommander\1.82\jcommander-1.82.jar;C:\Users\eyam\.m2\repository\io\netty\netty-buffer\4.1.90.Final\netty-buffer-4.1.90.Final.jar;C:\Users\eyam\.m2\repository\io\netty\netty-codec-http\4.1.90.Final\netty-codec-http-4.1.90.Final.jar;C:\Users\eyam\.m2\repository\io\netty\netty-codec\4.1.90.Final\netty-codec-4.1.90.Final.jar;C:\Users\eyam\.m2\repository\io\netty\netty-handler\4.1.90.Final\netty-handler-4.1.90.Final.jar;C:\Users\eyam\.m2\repository\io\netty\netty-common\4.1.90.Final\netty-common-4.1.90.Final.jar;C:\Users\eyam\.m2\repository\io\netty\netty-transport-classes-epoll\4.1.90.Final\netty-transport-classes-epoll-4.1.90.Final.jar;C:\Users\eyam\.m2\repository\io\netty\netty-transport-classes-kqueue\4.1.90.Final\netty-transport-classes-kqueue-4.1.90.Final.jar;C:\Users\eyam\.m2\repository\io\netty\netty-transport-native-epoll\4.1.90.Final\netty-transport-native-epoll-4.1.90.Final.jar;C:\Users\eyam\.m2\repository\io\netty\netty-transport-native-kqueue\4.1.90.Final\netty-transport-native-kqueue-4.1.90.Final.jar;C:\Users\eyam\.m2\repository\io\netty\netty-transport-native-unix-common\4.1.90.Final\netty-transport-native-unix-common-4.1.90.Final.jar;C:\Users\eyam\.m2\repository\io\netty\netty-transport\4.1.90.Final\netty-transport-4.1.90.Final.jar;C:\Users\eyam\.m2\repository\io\netty\netty-resolver\4.1.90.Final\netty-resolver-4.1.90.Final.jar;C:\Users\eyam\.m2\repository\io\opentelemetry\opentelemetry-api\1.24.0\opentelemetry-api-1.24.0.jar;C:\Users\eyam\.m2\repository\io\opentelemetry\opentelemetry-context\1.24.0\opentelemetry-context-1.24.0.jar;C:\Users\eyam\.m2\repository\io\opentelemetry\opentelemetry-exporter-logging\1.24.0\opentelemetry-exporter-logging-1.24.0.jar;C:\Users\eyam\.m2\repository\io\opentelemetry\opentelemetry-sdk-metrics\1.24.0\opentelemetry-sdk-metrics-1.24.0.jar;C:\Users\eyam\.m2\repository\io\opentelemetry\opentelemetry-sdk-logs\1.24.0-alpha\opentelemetry-sdk-logs-1.24.0-alpha.jar;C:\Users\eyam\.m2\repository\io\opentelemetry\opentelemetry-api-logs\1.24.0-alpha\opentelemetry-api-logs-1.24.0-alpha.jar;C:\Users\eyam\.m2\repository\io\opentelemetry\opentelemetry-api-events\1.24.0-alpha\opentelemetry-api-events-1.24.0-alpha.jar;C:\Users\eyam\.m2\repository\io\opentelemetry\opentelemetry-sdk-common\1.24.0\opentelemetry-sdk-common-1.24.0.jar;C:\Users\eyam\.m2\repository\io\opentelemetry\opentelemetry-sdk-extension-autoconfigure-spi\1.24.0\opentelemetry-sdk-extension-autoconfigure-spi-1.24.0.jar;C:\Users\eyam\.m2\repository\io\opentelemetry\opentelemetry-sdk-extension-autoconfigure\1.24.0-alpha\opentelemetry-sdk-extension-autoconfigure-1.24.0-alpha.jar;C:\Users\eyam\.m2\repository\io\opentelemetry\opentelemetry-sdk-trace\1.24.0\opentelemetry-sdk-trace-1.24.0.jar;C:\Users\eyam\.m2\repository\io\opentelemetry\opentelemetry-sdk\1.24.0\opentelemetry-sdk-1.24.0.jar;C:\Users\eyam\.m2\repository\io\opentelemetry\opentelemetry-semconv\1.24.0-alpha\opentelemetry-semconv-1.24.0-alpha.jar;C:\Users\eyam\.m2\repository\io\ous\jtoml\2.0.0\jtoml-2.0.0.jar;C:\Users\eyam\.m2\repository\net\bytebuddy\byte-buddy\1.14.2\byte-buddy-1.14.2.jar;C:\Users\eyam\.m2\repository\org\apache\commons\commons-exec\1.3\commons-exec-1.3.jar;C:\Users\eyam\.m2\repository\org\asynchttpclient\async-http-client\2.12.3\async-http-client-2.12.3.jar;C:\Users\eyam\.m2\repository\org\asynchttpclient\async-http-client-netty-utils\2.12.3\async-http-client-netty-utils-2.12.3.jar;C:\Users\eyam\.m2\repository\io\netty\netty-codec-socks\4.1.60.Final\netty-codec-socks-4.1.60.Final.jar;C:\Users\eyam\.m2\repository\io\netty\netty-handler-proxy\4.1.60.Final\netty-handler-proxy-4.1.60.Final.jar;C:\Users\eyam\.m2\repository\io\netty\netty-transport-native-epoll\4.1.60.Final\netty-transport-native-epoll-4.1.60.Final-linux-x86_64.jar;C:\Users\eyam\.m2\repository\io\netty\netty-transport-native-kqueue\4.1.60.Final\netty-transport-native-kqueue-4.1.60.Final-osx-x86_64.jar;C:\Users\eyam\.m2\repository\org\reactivestreams\reactive-streams\1.0.3\reactive-streams-1.0.3.jar;C:\Users\eyam\.m2\repository\com\typesafe\netty\netty-reactive-streams\2.0.4\netty-reactive-streams-2.0.4.jar;C:\Users\eyam\.m2\repository\org\slf4j\slf4j-api\1.7.30\slf4j-api-1.7.30.jar;C:\Users\eyam\.m2\repository\com\sun\activation\jakarta.activation\1.2.2\jakarta.activation-1.2.2.jar;C:\Users\eyam\.m2\repository\org\seleniumhq\selenium\selenium-safari-driver\4.8.3\selenium-safari-driver-4.8.3.jar;C:\Users\eyam\.m2\repository\org\seleniumhq\selenium\selenium-support\4.8.3\selenium-support-4.8.3.jar;"/>
    <property name="sun.cpu.endian" value="little"/>
    <property name="user.home" value="C:\Users\eyam"/>
    <property name="user.language" value="en"/>
    <property name="java.specification.vendor" value="Oracle Corporation"/>
    <property name="java.version.date" value="2022-03-22"/>
    <property name="java.home" value="C:\Program Files\Java\jdk-18"/>
    <property name="file.separator" value="\"/>
    <property name="basedir" value="C:\Users\eyam\repos\JavaFramework"/>
    <property name="java.vm.compressedOopsMode" value="Zero based"/>
    <property name="line.separator" value="&#10;"/>
    <property name="java.vm.specification.vendor" value="Oracle Corporation"/>
    <property name="java.specification.name" value="Java Platform API Specification"/>
    <property name="surefire.real.class.path" value="C:\Users\eyam\AppData\Local\Temp\surefire13250400145551286565\surefirebooter-20230501101448498_3.jar"/>
    <property name="user.script" value=""/>
    <property name="sun.management.compiler" value="HotSpot 64-Bit Tiered Compilers"/>
    <property name="java.runtime.version" value="18+36-2087"/>
    <property name="user.name" value="eyam"/>
    <property name="path.separator" value=";"/>
    <property name="os.version" value="10.0"/>
    <property name="java.runtime.name" value="Java(TM) SE Runtime Environment"/>
    <property name="file.encoding" value="UTF-8"/>
    <property name="java.vm.name" value="Java HotSpot(TM) 64-Bit Server VM"/>
    <property name="localRepository" value="C:\Users\eyam\.m2\repository"/>
    <property name="java.vendor.url.bug" value="https://bugreport.java.com/bugreport/"/>
    <property name="java.io.tmpdir" value="C:\Users\eyam\AppData\Local\Temp\"/>
    <property name="idea.version" value="2021.3.3"/>
    <property name="java.version" value="18"/>
    <property name="user.dir" value="C:\Users\eyam\repos\JavaFramework"/>
    <property name="os.arch" value="amd64"/>
    <property name="java.vm.specification.name" value="Java Virtual Machine Specification"/>
    <property name="sun.os.patch.level" value=""/>
    <property name="native.encoding" value="Cp1252"/>
    <property name="java.library.path" value="C:\Program Files\Java\jdk-18\bin;C:\Windows\Sun\Java\bin;C:\Windows\system32;C:\Windows;C:\Program Files\Common Files\Oracle\Java\javapath;C:\Python310\Scripts\;C:\Python310\;C:\Windows\system32;C:\Windows;C:\Windows\System32\Wbem;C:\Windows\System32\WindowsPowerShell\v1.0\;C:\Windows\System32\OpenSSH\;C:\Program Files (x86)\Intel\Intel(R) Management Engine Components\DAL;C:\Program Files\Intel\Intel(R) Management Engine Components\DAL;C:\Program Files\nodejs\;C:\ProgramData\chocolatey\bin;C:\Program Files\Git\cmd;C:\Program Files\Java\jdk-18\bin;."/>
    <property name="java.vm.info" value="mixed mode, sharing"/>
    <property name="java.vendor" value="Oracle Corporation"/>
    <property name="java.vm.version" value="18+36-2087"/>
    <property name="sun.io.unicode.encoding" value="UnicodeLittle"/>
    <property name="java.class.version" value="62.0"/>
  </properties>
  <testcase name="Test_3" classname="org.example.AppTest" time="29.021">
    <system-err><![CDATA[SLF4J: Failed to load class "org.slf4j.impl.StaticLoggerBinder".
SLF4J: Defaulting to no-operation (NOP) logger implementation
SLF4J: See http://www.slf4j.org/codes.html#StaticLoggerBinder for further details.
Starting Microsoft Edge WebDriver 112.0.1722.64 (28b771e297ed78ce970c7e059bb87fe0ca0e66c1) on port 32330
To submit feedback, report a bug, or suggest new features, please visit https://github.com/MicrosoftEdge/EdgeWebDriver

Only local connections are allowed.
Please see https://aka.ms/WebDriverSecurity for suggestions on keeping Microsoft Edge WebDriver safe.

Microsoft Edge WebDriver was started successfully.
[1682950499.529][WARNING]: Public key in crx header is different from key in manifest
key from header:   MIIBIjANBgkqhkiG9w0BAQEFAAOCAQ8AMIIBCgKCAQEA9NabEmSVHDAPyAicIyfbqkAaAA0eyPVvYaAQWEMhfMtwcHJDDH/oQMB/l6dY3Ey+S2OvJU/KX/0c1oUjGu73S0woJMs1nuIc7t5ZYhYlmVF2A1NYadv5NneHHiqsJpiAYJ2pJrLKkOzVGGoLJheTNfIQOOhN+TQESEOgz8/pe34O4V4NtfYBSsYW8MGJqy/dBOE2OYs//92zKMwWZHyfHLiuzGUzZwQ0PLJnUrdv1X/zhQNmIhbs6vmRVBe0xvBDbfipMoN1iBzKIMOXJtZycF8sUqyHMNuzdBuKffyI735pw+MTg74QLnaVyZoqMZLRSjHdqz73Z9yhSLTzihMJJQIDAQAB
key from manifest: MIIBIjANBgkqhkiG9w0BAQEFAAOCAQ8AMIIBCgKCAQEAtej8nZ6GDzzNjLD1WCjkbCf15gZlrgzMn9To0ef+6Tiyk6uDSePSaaiMG+8rNgTCQM1ES6Hy8XzTJf8o19ldg1GXHE4MAdjjzDNv3ya05Vj71r/dzI9OyL45DnshMYdW7lyzHp7nt1L5uWtmZs4MiOO43RrWzrGuvhhUdQm9rz4nOgu9q7FWqZP6kUYL42TJgQ6Sc0Qu25TshDdJME3uK5z/kV3BNlmQFDhuAXQZKP/KCV2ogG7R/VcHj1a2ETjRFMQxtQUaWtCmpDYw7URD4CuRNy9LBTylNASfFCHLAEc9MWqFD1Alj63o+WsqBP/h81Vs7nH6PnXQg9+fOCpMyQIDAQAB
generated extension id from header key:   pmbpejfiehgdfknfkpdphoaohammickm
generated extension id from manifest key: odfafepnkmbhccpbejgmiehpchacaeak
May 01, 2023 10:15:03 A.M. org.openqa.selenium.devtools.CdpVersionFinder findNearestMatch
WARNING: Unable to find an exact match for CDP version 112, so returning the closest version found: 111
]]></system-err>
  </testcase>
  <testcase name="Test_4" classname="org.example.AppTest" time="20.396">
    <system-err><![CDATA[Starting Microsoft Edge WebDriver 112.0.1722.64 (28b771e297ed78ce970c7e059bb87fe0ca0e66c1) on port 31783
To submit feedback, report a bug, or suggest new features, please visit https://github.com/MicrosoftEdge/EdgeWebDriver

Only local connections are allowed.
Please see https://aka.ms/WebDriverSecurity for suggestions on keeping Microsoft Edge WebDriver safe.

Microsoft Edge WebDriver was started successfully.
[1682950533.089][WARNING]: Public key in crx header is different from key in manifest
key from header:   MIIBIjANBgkqhkiG9w0BAQEFAAOCAQ8AMIIBCgKCAQEA9NabEmSVHDAPyAicIyfbqkAaAA0eyPVvYaAQWEMhfMtwcHJDDH/oQMB/l6dY3Ey+S2OvJU/KX/0c1oUjGu73S0woJMs1nuIc7t5ZYhYlmVF2A1NYadv5NneHHiqsJpiAYJ2pJrLKkOzVGGoLJheTNfIQOOhN+TQESEOgz8/pe34O4V4NtfYBSsYW8MGJqy/dBOE2OYs//92zKMwWZHyfHLiuzGUzZwQ0PLJnUrdv1X/zhQNmIhbs6vmRVBe0xvBDbfipMoN1iBzKIMOXJtZycF8sUqyHMNuzdBuKffyI735pw+MTg74QLnaVyZoqMZLRSjHdqz73Z9yhSLTzihMJJQIDAQAB
key from manifest: MIIBIjANBgkqhkiG9w0BAQEFAAOCAQ8AMIIBCgKCAQEAtej8nZ6GDzzNjLD1WCjkbCf15gZlrgzMn9To0ef+6Tiyk6uDSePSaaiMG+8rNgTCQM1ES6Hy8XzTJf8o19ldg1GXHE4MAdjjzDNv3ya05Vj71r/dzI9OyL45DnshMYdW7lyzHp7nt1L5uWtmZs4MiOO43RrWzrGuvhhUdQm9rz4nOgu9q7FWqZP6kUYL42TJgQ6Sc0Qu25TshDdJME3uK5z/kV3BNlmQFDhuAXQZKP/KCV2ogG7R/VcHj1a2ETjRFMQxtQUaWtCmpDYw7URD4CuRNy9LBTylNASfFCHLAEc9MWqFD1Alj63o+WsqBP/h81Vs7nH6PnXQg9+fOCpMyQIDAQAB
generated extension id from header key:   pmbpejfiehgdfknfkpdphoaohammickm
generated extension id from manifest key: odfafepnkmbhccpbejgmiehpchacaeak
May 01, 2023 10:15:37 A.M. org.openqa.selenium.devtools.CdpVersionFinder findNearestMatch
WARNING: Unable to find an exact match for CDP version 112, so returning the closest version found: 111
]]></system-err>
  </testcase>
  <testcase name="Test_5" classname="org.example.AppTest" time="30.709">
    <system-err><![CDATA[Starting Microsoft Edge WebDriver 112.0.1722.64 (28b771e297ed78ce970c7e059bb87fe0ca0e66c1) on port 28933
To submit feedback, report a bug, or suggest new features, please visit https://github.com/MicrosoftEdge/EdgeWebDriver

Only local connections are allowed.
Please see https://aka.ms/WebDriverSecurity for suggestions on keeping Microsoft Edge WebDriver safe.

Microsoft Edge WebDriver was started successfully.
[1682950553.132][WARNING]: Public key in crx header is different from key in manifest
key from header:   MIIBIjANBgkqhkiG9w0BAQEFAAOCAQ8AMIIBCgKCAQEA9NabEmSVHDAPyAicIyfbqkAaAA0eyPVvYaAQWEMhfMtwcHJDDH/oQMB/l6dY3Ey+S2OvJU/KX/0c1oUjGu73S0woJMs1nuIc7t5ZYhYlmVF2A1NYadv5NneHHiqsJpiAYJ2pJrLKkOzVGGoLJheTNfIQOOhN+TQESEOgz8/pe34O4V4NtfYBSsYW8MGJqy/dBOE2OYs//92zKMwWZHyfHLiuzGUzZwQ0PLJnUrdv1X/zhQNmIhbs6vmRVBe0xvBDbfipMoN1iBzKIMOXJtZycF8sUqyHMNuzdBuKffyI735pw+MTg74QLnaVyZoqMZLRSjHdqz73Z9yhSLTzihMJJQIDAQAB
key from manifest: MIIBIjANBgkqhkiG9w0BAQEFAAOCAQ8AMIIBCgKCAQEAtej8nZ6GDzzNjLD1WCjkbCf15gZlrgzMn9To0ef+6Tiyk6uDSePSaaiMG+8rNgTCQM1ES6Hy8XzTJf8o19ldg1GXHE4MAdjjzDNv3ya05Vj71r/dzI9OyL45DnshMYdW7lyzHp7nt1L5uWtmZs4MiOO43RrWzrGuvhhUdQm9rz4nOgu9q7FWqZP6kUYL42TJgQ6Sc0Qu25TshDdJME3uK5z/kV3BNlmQFDhuAXQZKP/KCV2ogG7R/VcHj1a2ETjRFMQxtQUaWtCmpDYw7URD4CuRNy9LBTylNASfFCHLAEc9MWqFD1Alj63o+WsqBP/h81Vs7nH6PnXQg9+fOCpMyQIDAQAB
generated extension id from header key:   pmbpejfiehgdfknfkpdphoaohammickm
generated extension id from manifest key: odfafepnkmbhccpbejgmiehpchacaeak
May 01, 2023 10:15:58 A.M. org.openqa.selenium.devtools.CdpVersionFinder findNearestMatch
WARNING: Unable to find an exact match for CDP version 112, so returning the closest version found: 111
]]></system-err>
  </testcase>
  <testcase name="Test_6" classname="org.example.AppTest" time="35.413">
    <system-err><![CDATA[Starting Microsoft Edge WebDriver 112.0.1722.64 (28b771e297ed78ce970c7e059bb87fe0ca0e66c1) on port 5023
To submit feedback, report a bug, or suggest new features, please visit https://github.com/MicrosoftEdge/EdgeWebDriver

Only local connections are allowed.
Please see https://aka.ms/WebDriverSecurity for suggestions on keeping Microsoft Edge WebDriver safe.

Microsoft Edge WebDriver was started successfully.
[1682950584.316][WARNING]: Public key in crx header is different from key in manifest
key from header:   MIIBIjANBgkqhkiG9w0BAQEFAAOCAQ8AMIIBCgKCAQEA9NabEmSVHDAPyAicIyfbqkAaAA0eyPVvYaAQWEMhfMtwcHJDDH/oQMB/l6dY3Ey+S2OvJU/KX/0c1oUjGu73S0woJMs1nuIc7t5ZYhYlmVF2A1NYadv5NneHHiqsJpiAYJ2pJrLKkOzVGGoLJheTNfIQOOhN+TQESEOgz8/pe34O4V4NtfYBSsYW8MGJqy/dBOE2OYs//92zKMwWZHyfHLiuzGUzZwQ0PLJnUrdv1X/zhQNmIhbs6vmRVBe0xvBDbfipMoN1iBzKIMOXJtZycF8sUqyHMNuzdBuKffyI735pw+MTg74QLnaVyZoqMZLRSjHdqz73Z9yhSLTzihMJJQIDAQAB
key from manifest: MIIBIjANBgkqhkiG9w0BAQEFAAOCAQ8AMIIBCgKCAQEAtej8nZ6GDzzNjLD1WCjkbCf15gZlrgzMn9To0ef+6Tiyk6uDSePSaaiMG+8rNgTCQM1ES6Hy8XzTJf8o19ldg1GXHE4MAdjjzDNv3ya05Vj71r/dzI9OyL45DnshMYdW7lyzHp7nt1L5uWtmZs4MiOO43RrWzrGuvhhUdQm9rz4nOgu9q7FWqZP6kUYL42TJgQ6Sc0Qu25TshDdJME3uK5z/kV3BNlmQFDhuAXQZKP/KCV2ogG7R/VcHj1a2ETjRFMQxtQUaWtCmpDYw7URD4CuRNy9LBTylNASfFCHLAEc9MWqFD1Alj63o+WsqBP/h81Vs7nH6PnXQg9+fOCpMyQIDAQAB
generated extension id from header key:   pmbpejfiehgdfknfkpdphoaohammickm
generated extension id from manifest key: odfafepnkmbhccpbejgmiehpchacaeak
May 01, 2023 10:16:28 A.M. org.openqa.selenium.devtools.CdpVersionFinder findNearestMatch
WARNING: Unable to find an exact match for CDP version 112, so returning the closest version found: 111
]]></system-err>
  </testcase>
  <testcase name="Test_7" classname="org.example.AppTest" time="47.004">
    <system-err><![CDATA[Starting Microsoft Edge WebDriver 112.0.1722.64 (28b771e297ed78ce970c7e059bb87fe0ca0e66c1) on port 42875
To submit feedback, report a bug, or suggest new features, please visit https://github.com/MicrosoftEdge/EdgeWebDriver

Only local connections are allowed.
Please see https://aka.ms/WebDriverSecurity for suggestions on keeping Microsoft Edge WebDriver safe.

Microsoft Edge WebDriver was started successfully.
[1682950620.738][WARNING]: Public key in crx header is different from key in manifest
key from header:   MIIBIjANBgkqhkiG9w0BAQEFAAOCAQ8AMIIBCgKCAQEA9NabEmSVHDAPyAicIyfbqkAaAA0eyPVvYaAQWEMhfMtwcHJDDH/oQMB/l6dY3Ey+S2OvJU/KX/0c1oUjGu73S0woJMs1nuIc7t5ZYhYlmVF2A1NYadv5NneHHiqsJpiAYJ2pJrLKkOzVGGoLJheTNfIQOOhN+TQESEOgz8/pe34O4V4NtfYBSsYW8MGJqy/dBOE2OYs//92zKMwWZHyfHLiuzGUzZwQ0PLJnUrdv1X/zhQNmIhbs6vmRVBe0xvBDbfipMoN1iBzKIMOXJtZycF8sUqyHMNuzdBuKffyI735pw+MTg74QLnaVyZoqMZLRSjHdqz73Z9yhSLTzihMJJQIDAQAB
key from manifest: MIIBIjANBgkqhkiG9w0BAQEFAAOCAQ8AMIIBCgKCAQEAtej8nZ6GDzzNjLD1WCjkbCf15gZlrgzMn9To0ef+6Tiyk6uDSePSaaiMG+8rNgTCQM1ES6Hy8XzTJf8o19ldg1GXHE4MAdjjzDNv3ya05Vj71r/dzI9OyL45DnshMYdW7lyzHp7nt1L5uWtmZs4MiOO43RrWzrGuvhhUdQm9rz4nOgu9q7FWqZP6kUYL42TJgQ6Sc0Qu25TshDdJME3uK5z/kV3BNlmQFDhuAXQZKP/KCV2ogG7R/VcHj1a2ETjRFMQxtQUaWtCmpDYw7URD4CuRNy9LBTylNASfFCHLAEc9MWqFD1Alj63o+WsqBP/h81Vs7nH6PnXQg9+fOCpMyQIDAQAB
generated extension id from header key:   pmbpejfiehgdfknfkpdphoaohammickm
generated extension id from manifest key: odfafepnkmbhccpbejgmiehpchacaeak
May 01, 2023 10:17:04 A.M. org.openqa.selenium.devtools.CdpVersionFinder findNearestMatch
WARNING: Unable to find an exact match for CDP version 112, so returning the closest version found: 111
]]></system-err>
  </testcase>
  <testcase name="Test_8" classname="org.example.AppTest" time="52.138">
    <system-err><![CDATA[Starting Microsoft Edge WebDriver 112.0.1722.64 (28b771e297ed78ce970c7e059bb87fe0ca0e66c1) on port 3795
To submit feedback, report a bug, or suggest new features, please visit https://github.com/MicrosoftEdge/EdgeWebDriver

Only local connections are allowed.
Please see https://aka.ms/WebDriverSecurity for suggestions on keeping Microsoft Edge WebDriver safe.

Microsoft Edge WebDriver was started successfully.
[1682950667.946][WARNING]: Public key in crx header is different from key in manifest
key from header:   MIIBIjANBgkqhkiG9w0BAQEFAAOCAQ8AMIIBCgKCAQEA9NabEmSVHDAPyAicIyfbqkAaAA0eyPVvYaAQWEMhfMtwcHJDDH/oQMB/l6dY3Ey+S2OvJU/KX/0c1oUjGu73S0woJMs1nuIc7t5ZYhYlmVF2A1NYadv5NneHHiqsJpiAYJ2pJrLKkOzVGGoLJheTNfIQOOhN+TQESEOgz8/pe34O4V4NtfYBSsYW8MGJqy/dBOE2OYs//92zKMwWZHyfHLiuzGUzZwQ0PLJnUrdv1X/zhQNmIhbs6vmRVBe0xvBDbfipMoN1iBzKIMOXJtZycF8sUqyHMNuzdBuKffyI735pw+MTg74QLnaVyZoqMZLRSjHdqz73Z9yhSLTzihMJJQIDAQAB
key from manifest: MIIBIjANBgkqhkiG9w0BAQEFAAOCAQ8AMIIBCgKCAQEAtej8nZ6GDzzNjLD1WCjkbCf15gZlrgzMn9To0ef+6Tiyk6uDSePSaaiMG+8rNgTCQM1ES6Hy8XzTJf8o19ldg1GXHE4MAdjjzDNv3ya05Vj71r/dzI9OyL45DnshMYdW7lyzHp7nt1L5uWtmZs4MiOO43RrWzrGuvhhUdQm9rz4nOgu9q7FWqZP6kUYL42TJgQ6Sc0Qu25TshDdJME3uK5z/kV3BNlmQFDhuAXQZKP/KCV2ogG7R/VcHj1a2ETjRFMQxtQUaWtCmpDYw7URD4CuRNy9LBTylNASfFCHLAEc9MWqFD1Alj63o+WsqBP/h81Vs7nH6PnXQg9+fOCpMyQIDAQAB
generated extension id from header key:   pmbpejfiehgdfknfkpdphoaohammickm
generated extension id from manifest key: odfafepnkmbhccpbejgmiehpchacaeak
May 01, 2023 10:17:51 A.M. org.openqa.selenium.devtools.CdpVersionFinder findNearestMatch
WARNING: Unable to find an exact match for CDP version 112, so returning the closest version found: 111
]]></system-err>
  </testcase>
  <testcase name="Test_9" classname="org.example.AppTest" time="22.826">
    <system-err><![CDATA[Starting Microsoft Edge WebDriver 112.0.1722.64 (28b771e297ed78ce970c7e059bb87fe0ca0e66c1) on port 16442
To submit feedback, report a bug, or suggest new features, please visit https://github.com/MicrosoftEdge/EdgeWebDriver

Only local connections are allowed.
Please see https://aka.ms/WebDriverSecurity for suggestions on keeping Microsoft Edge WebDriver safe.

Microsoft Edge WebDriver was started successfully.
[1682950715.228][WARNING]: Public key in crx header is different from key in manifest
key from header:   MIIBIjANBgkqhkiG9w0BAQEFAAOCAQ8AMIIBCgKCAQEA9NabEmSVHDAPyAicIyfbqkAaAA0eyPVvYaAQWEMhfMtwcHJDDH/oQMB/l6dY3Ey+S2OvJU/KX/0c1oUjGu73S0woJMs1nuIc7t5ZYhYlmVF2A1NYadv5NneHHiqsJpiAYJ2pJrLKkOzVGGoLJheTNfIQOOhN+TQESEOgz8/pe34O4V4NtfYBSsYW8MGJqy/dBOE2OYs//92zKMwWZHyfHLiuzGUzZwQ0PLJnUrdv1X/zhQNmIhbs6vmRVBe0xvBDbfipMoN1iBzKIMOXJtZycF8sUqyHMNuzdBuKffyI735pw+MTg74QLnaVyZoqMZLRSjHdqz73Z9yhSLTzihMJJQIDAQAB
key from manifest: MIIBIjANBgkqhkiG9w0BAQEFAAOCAQ8AMIIBCgKCAQEAtej8nZ6GDzzNjLD1WCjkbCf15gZlrgzMn9To0ef+6Tiyk6uDSePSaaiMG+8rNgTCQM1ES6Hy8XzTJf8o19ldg1GXHE4MAdjjzDNv3ya05Vj71r/dzI9OyL45DnshMYdW7lyzHp7nt1L5uWtmZs4MiOO43RrWzrGuvhhUdQm9rz4nOgu9q7FWqZP6kUYL42TJgQ6Sc0Qu25TshDdJME3uK5z/kV3BNlmQFDhuAXQZKP/KCV2ogG7R/VcHj1a2ETjRFMQxtQUaWtCmpDYw7URD4CuRNy9LBTylNASfFCHLAEc9MWqFD1Alj63o+WsqBP/h81Vs7nH6PnXQg9+fOCpMyQIDAQAB
generated extension id from header key:   pmbpejfiehgdfknfkpdphoaohammickm
generated extension id from manifest key: odfafepnkmbhccpbejgmiehpchacaeak
May 01, 2023 10:18:39 A.M. org.openqa.selenium.devtools.CdpVersionFinder findNearestMatch
WARNING: Unable to find an exact match for CDP version 112, so returning the closest version found: 111
]]></system-err>
  </testcase>
  <testcase name="Test_3_5" classname="org.example.AppTest" time="26.16">
    <system-err><![CDATA[Starting Microsoft Edge WebDriver 112.0.1722.64 (28b771e297ed78ce970c7e059bb87fe0ca0e66c1) on port 22809
To submit feedback, report a bug, or suggest new features, please visit https://github.com/MicrosoftEdge/EdgeWebDriver

Only local connections are allowed.
Please see https://aka.ms/WebDriverSecurity for suggestions on keeping Microsoft Edge WebDriver safe.

Microsoft Edge WebDriver was started successfully.
[1682950737.168][WARNING]: Public key in crx header is different from key in manifest
key from header:   MIIBIjANBgkqhkiG9w0BAQEFAAOCAQ8AMIIBCgKCAQEA9NabEmSVHDAPyAicIyfbqkAaAA0eyPVvYaAQWEMhfMtwcHJDDH/oQMB/l6dY3Ey+S2OvJU/KX/0c1oUjGu73S0woJMs1nuIc7t5ZYhYlmVF2A1NYadv5NneHHiqsJpiAYJ2pJrLKkOzVGGoLJheTNfIQOOhN+TQESEOgz8/pe34O4V4NtfYBSsYW8MGJqy/dBOE2OYs//92zKMwWZHyfHLiuzGUzZwQ0PLJnUrdv1X/zhQNmIhbs6vmRVBe0xvBDbfipMoN1iBzKIMOXJtZycF8sUqyHMNuzdBuKffyI735pw+MTg74QLnaVyZoqMZLRSjHdqz73Z9yhSLTzihMJJQIDAQAB
key from manifest: MIIBIjANBgkqhkiG9w0BAQEFAAOCAQ8AMIIBCgKCAQEAtej8nZ6GDzzNjLD1WCjkbCf15gZlrgzMn9To0ef+6Tiyk6uDSePSaaiMG+8rNgTCQM1ES6Hy8XzTJf8o19ldg1GXHE4MAdjjzDNv3ya05Vj71r/dzI9OyL45DnshMYdW7lyzHp7nt1L5uWtmZs4MiOO43RrWzrGuvhhUdQm9rz4nOgu9q7FWqZP6kUYL42TJgQ6Sc0Qu25TshDdJME3uK5z/kV3BNlmQFDhuAXQZKP/KCV2ogG7R/VcHj1a2ETjRFMQxtQUaWtCmpDYw7URD4CuRNy9LBTylNASfFCHLAEc9MWqFD1Alj63o+WsqBP/h81Vs7nH6PnXQg9+fOCpMyQIDAQAB
generated extension id from header key:   pmbpejfiehgdfknfkpdphoaohammickm
generated extension id from manifest key: odfafepnkmbhccpbejgmiehpchacaeak
May 01, 2023 10:19:01 A.M. org.openqa.selenium.devtools.CdpVersionFinder findNearestMatch
WARNING: Unable to find an exact match for CDP version 112, so returning the closest version found: 111
]]></system-err>
  </testcase>
  <testcase name="Test_10" classname="org.example.AppTest" time="24.467">
    <system-err><![CDATA[Starting Microsoft Edge WebDriver 112.0.1722.64 (28b771e297ed78ce970c7e059bb87fe0ca0e66c1) on port 5992
To submit feedback, report a bug, or suggest new features, please visit https://github.com/MicrosoftEdge/EdgeWebDriver

Only local connections are allowed.
Please see https://aka.ms/WebDriverSecurity for suggestions on keeping Microsoft Edge WebDriver safe.

Microsoft Edge WebDriver was started successfully.
[1682950764.329][WARNING]: Public key in crx header is different from key in manifest
key from header:   MIIBIjANBgkqhkiG9w0BAQEFAAOCAQ8AMIIBCgKCAQEA9NabEmSVHDAPyAicIyfbqkAaAA0eyPVvYaAQWEMhfMtwcHJDDH/oQMB/l6dY3Ey+S2OvJU/KX/0c1oUjGu73S0woJMs1nuIc7t5ZYhYlmVF2A1NYadv5NneHHiqsJpiAYJ2pJrLKkOzVGGoLJheTNfIQOOhN+TQESEOgz8/pe34O4V4NtfYBSsYW8MGJqy/dBOE2OYs//92zKMwWZHyfHLiuzGUzZwQ0PLJnUrdv1X/zhQNmIhbs6vmRVBe0xvBDbfipMoN1iBzKIMOXJtZycF8sUqyHMNuzdBuKffyI735pw+MTg74QLnaVyZoqMZLRSjHdqz73Z9yhSLTzihMJJQIDAQAB
key from manifest: MIIBIjANBgkqhkiG9w0BAQEFAAOCAQ8AMIIBCgKCAQEAtej8nZ6GDzzNjLD1WCjkbCf15gZlrgzMn9To0ef+6Tiyk6uDSePSaaiMG+8rNgTCQM1ES6Hy8XzTJf8o19ldg1GXHE4MAdjjzDNv3ya05Vj71r/dzI9OyL45DnshMYdW7lyzHp7nt1L5uWtmZs4MiOO43RrWzrGuvhhUdQm9rz4nOgu9q7FWqZP6kUYL42TJgQ6Sc0Qu25TshDdJME3uK5z/kV3BNlmQFDhuAXQZKP/KCV2ogG7R/VcHj1a2ETjRFMQxtQUaWtCmpDYw7URD4CuRNy9LBTylNASfFCHLAEc9MWqFD1Alj63o+WsqBP/h81Vs7nH6PnXQg9+fOCpMyQIDAQAB
generated extension id from header key:   pmbpejfiehgdfknfkpdphoaohammickm
generated extension id from manifest key: odfafepnkmbhccpbejgmiehpchacaeak
May 01, 2023 10:19:28 A.M. org.openqa.selenium.devtools.CdpVersionFinder findNearestMatch
WARNING: Unable to find an exact match for CDP version 112, so returning the closest version found: 111
May 01, 2023 10:19:38 A.M. org.openqa.selenium.os.OsProcess destroy
SEVERE: Unable to kill process Process[pid=15576, exitValue=1]
]]></system-err>
  </testcase>
  <testcase name="Test_11" classname="org.example.AppTest" time="20.574">
    <system-err><![CDATA[Starting Microsoft Edge WebDriver 112.0.1722.64 (28b771e297ed78ce970c7e059bb87fe0ca0e66c1) on port 23339
To submit feedback, report a bug, or suggest new features, please visit https://github.com/MicrosoftEdge/EdgeWebDriver

Only local connections are allowed.
Please see https://aka.ms/WebDriverSecurity for suggestions on keeping Microsoft Edge WebDriver safe.

Microsoft Edge WebDriver was started successfully.
[1682950785.576][WARNING]: Public key in crx header is different from key in manifest
key from header:   MIIBIjANBgkqhkiG9w0BAQEFAAOCAQ8AMIIBCgKCAQEA9NabEmSVHDAPyAicIyfbqkAaAA0eyPVvYaAQWEMhfMtwcHJDDH/oQMB/l6dY3Ey+S2OvJU/KX/0c1oUjGu73S0woJMs1nuIc7t5ZYhYlmVF2A1NYadv5NneHHiqsJpiAYJ2pJrLKkOzVGGoLJheTNfIQOOhN+TQESEOgz8/pe34O4V4NtfYBSsYW8MGJqy/dBOE2OYs//92zKMwWZHyfHLiuzGUzZwQ0PLJnUrdv1X/zhQNmIhbs6vmRVBe0xvBDbfipMoN1iBzKIMOXJtZycF8sUqyHMNuzdBuKffyI735pw+MTg74QLnaVyZoqMZLRSjHdqz73Z9yhSLTzihMJJQIDAQAB
key from manifest: MIIBIjANBgkqhkiG9w0BAQEFAAOCAQ8AMIIBCgKCAQEAtej8nZ6GDzzNjLD1WCjkbCf15gZlrgzMn9To0ef+6Tiyk6uDSePSaaiMG+8rNgTCQM1ES6Hy8XzTJf8o19ldg1GXHE4MAdjjzDNv3ya05Vj71r/dzI9OyL45DnshMYdW7lyzHp7nt1L5uWtmZs4MiOO43RrWzrGuvhhUdQm9rz4nOgu9q7FWqZP6kUYL42TJgQ6Sc0Qu25TshDdJME3uK5z/kV3BNlmQFDhuAXQZKP/KCV2ogG7R/VcHj1a2ETjRFMQxtQUaWtCmpDYw7URD4CuRNy9LBTylNASfFCHLAEc9MWqFD1Alj63o+WsqBP/h81Vs7nH6PnXQg9+fOCpMyQIDAQAB
generated extension id from header key:   pmbpejfiehgdfknfkpdphoaohammickm
generated extension id from manifest key: odfafepnkmbhccpbejgmiehpchacaeak
May 01, 2023 10:19:49 A.M. org.openqa.selenium.devtools.CdpVersionFinder findNearestMatch
WARNING: Unable to find an exact match for CDP version 112, so returning the closest version found: 111
]]></system-err>
  </testcase>
  <testcase name="Test_12" classname="org.example.AppTest" time="22.897">
    <system-err><![CDATA[Starting Microsoft Edge WebDriver 112.0.1722.64 (28b771e297ed78ce970c7e059bb87fe0ca0e66c1) on port 41885
To submit feedback, report a bug, or suggest new features, please visit https://github.com/MicrosoftEdge/EdgeWebDriver

Only local connections are allowed.
Please see https://aka.ms/WebDriverSecurity for suggestions on keeping Microsoft Edge WebDriver safe.

Microsoft Edge WebDriver was started successfully.
[1682950809.456][WARNING]: Public key in crx header is different from key in manifest
key from header:   MIIBIjANBgkqhkiG9w0BAQEFAAOCAQ8AMIIBCgKCAQEA9NabEmSVHDAPyAicIyfbqkAaAA0eyPVvYaAQWEMhfMtwcHJDDH/oQMB/l6dY3Ey+S2OvJU/KX/0c1oUjGu73S0woJMs1nuIc7t5ZYhYlmVF2A1NYadv5NneHHiqsJpiAYJ2pJrLKkOzVGGoLJheTNfIQOOhN+TQESEOgz8/pe34O4V4NtfYBSsYW8MGJqy/dBOE2OYs//92zKMwWZHyfHLiuzGUzZwQ0PLJnUrdv1X/zhQNmIhbs6vmRVBe0xvBDbfipMoN1iBzKIMOXJtZycF8sUqyHMNuzdBuKffyI735pw+MTg74QLnaVyZoqMZLRSjHdqz73Z9yhSLTzihMJJQIDAQAB
key from manifest: MIIBIjANBgkqhkiG9w0BAQEFAAOCAQ8AMIIBCgKCAQEAtej8nZ6GDzzNjLD1WCjkbCf15gZlrgzMn9To0ef+6Tiyk6uDSePSaaiMG+8rNgTCQM1ES6Hy8XzTJf8o19ldg1GXHE4MAdjjzDNv3ya05Vj71r/dzI9OyL45DnshMYdW7lyzHp7nt1L5uWtmZs4MiOO43RrWzrGuvhhUdQm9rz4nOgu9q7FWqZP6kUYL42TJgQ6Sc0Qu25TshDdJME3uK5z/kV3BNlmQFDhuAXQZKP/KCV2ogG7R/VcHj1a2ETjRFMQxtQUaWtCmpDYw7URD4CuRNy9LBTylNASfFCHLAEc9MWqFD1Alj63o+WsqBP/h81Vs7nH6PnXQg9+fOCpMyQIDAQAB
generated extension id from header key:   pmbpejfiehgdfknfkpdphoaohammickm
generated extension id from manifest key: odfafepnkmbhccpbejgmiehpchacaeak
May 01, 2023 10:20:13 A.M. org.openqa.selenium.devtools.CdpVersionFinder findNearestMatch
WARNING: Unable to find an exact match for CDP version 112, so returning the closest version found: 111
]]></system-err>
  </testcase>
  <testcase name="Test_13" classname="org.example.AppTest" time="35.253">
    <system-err><![CDATA[Starting Microsoft Edge WebDriver 112.0.1722.64 (28b771e297ed78ce970c7e059bb87fe0ca0e66c1) on port 27612
To submit feedback, report a bug, or suggest new features, please visit https://github.com/MicrosoftEdge/EdgeWebDriver

Only local connections are allowed.
Please see https://aka.ms/WebDriverSecurity for suggestions on keeping Microsoft Edge WebDriver safe.

Microsoft Edge WebDriver was started successfully.
[1682950831.083][WARNING]: Public key in crx header is different from key in manifest
key from header:   MIIBIjANBgkqhkiG9w0BAQEFAAOCAQ8AMIIBCgKCAQEA9NabEmSVHDAPyAicIyfbqkAaAA0eyPVvYaAQWEMhfMtwcHJDDH/oQMB/l6dY3Ey+S2OvJU/KX/0c1oUjGu73S0woJMs1nuIc7t5ZYhYlmVF2A1NYadv5NneHHiqsJpiAYJ2pJrLKkOzVGGoLJheTNfIQOOhN+TQESEOgz8/pe34O4V4NtfYBSsYW8MGJqy/dBOE2OYs//92zKMwWZHyfHLiuzGUzZwQ0PLJnUrdv1X/zhQNmIhbs6vmRVBe0xvBDbfipMoN1iBzKIMOXJtZycF8sUqyHMNuzdBuKffyI735pw+MTg74QLnaVyZoqMZLRSjHdqz73Z9yhSLTzihMJJQIDAQAB
key from manifest: MIIBIjANBgkqhkiG9w0BAQEFAAOCAQ8AMIIBCgKCAQEAtej8nZ6GDzzNjLD1WCjkbCf15gZlrgzMn9To0ef+6Tiyk6uDSePSaaiMG+8rNgTCQM1ES6Hy8XzTJf8o19ldg1GXHE4MAdjjzDNv3ya05Vj71r/dzI9OyL45DnshMYdW7lyzHp7nt1L5uWtmZs4MiOO43RrWzrGuvhhUdQm9rz4nOgu9q7FWqZP6kUYL42TJgQ6Sc0Qu25TshDdJME3uK5z/kV3BNlmQFDhuAXQZKP/KCV2ogG7R/VcHj1a2ETjRFMQxtQUaWtCmpDYw7URD4CuRNy9LBTylNASfFCHLAEc9MWqFD1Alj63o+WsqBP/h81Vs7nH6PnXQg9+fOCpMyQIDAQAB
generated extension id from header key:   pmbpejfiehgdfknfkpdphoaohammickm
generated extension id from manifest key: odfafepnkmbhccpbejgmiehpchacaeak
May 01, 2023 10:20:35 A.M. org.openqa.selenium.devtools.CdpVersionFinder findNearestMatch
WARNING: Unable to find an exact match for CDP version 112, so returning the closest version found: 111
May 01, 2023 10:20:56 A.M. org.openqa.selenium.os.OsProcess destroy
SEVERE: Unable to kill process Process[pid=5400, exitValue=1]
]]></system-err>
  </testcase>
  <testcase name="RunMyTest" classname="org.example.AppTest" time="32.307">
    <system-err><![CDATA[Starting Microsoft Edge WebDriver 112.0.1722.64 (28b771e297ed78ce970c7e059bb87fe0ca0e66c1) on port 22954
To submit feedback, report a bug, or suggest new features, please visit https://github.com/MicrosoftEdge/EdgeWebDriver

Only local connections are allowed.
Please see https://aka.ms/WebDriverSecurity for suggestions on keeping Microsoft Edge WebDriver safe.

Microsoft Edge WebDriver was started successfully.
[1682950865.592][WARNING]: Public key in crx header is different from key in manifest
key from header:   MIIBIjANBgkqhkiG9w0BAQEFAAOCAQ8AMIIBCgKCAQEA9NabEmSVHDAPyAicIyfbqkAaAA0eyPVvYaAQWEMhfMtwcHJDDH/oQMB/l6dY3Ey+S2OvJU/KX/0c1oUjGu73S0woJMs1nuIc7t5ZYhYlmVF2A1NYadv5NneHHiqsJpiAYJ2pJrLKkOzVGGoLJheTNfIQOOhN+TQESEOgz8/pe34O4V4NtfYBSsYW8MGJqy/dBOE2OYs//92zKMwWZHyfHLiuzGUzZwQ0PLJnUrdv1X/zhQNmIhbs6vmRVBe0xvBDbfipMoN1iBzKIMOXJtZycF8sUqyHMNuzdBuKffyI735pw+MTg74QLnaVyZoqMZLRSjHdqz73Z9yhSLTzihMJJQIDAQAB
key from manifest: MIIBIjANBgkqhkiG9w0BAQEFAAOCAQ8AMIIBCgKCAQEAtej8nZ6GDzzNjLD1WCjkbCf15gZlrgzMn9To0ef+6Tiyk6uDSePSaaiMG+8rNgTCQM1ES6Hy8XzTJf8o19ldg1GXHE4MAdjjzDNv3ya05Vj71r/dzI9OyL45DnshMYdW7lyzHp7nt1L5uWtmZs4MiOO43RrWzrGuvhhUdQm9rz4nOgu9q7FWqZP6kUYL42TJgQ6Sc0Qu25TshDdJME3uK5z/kV3BNlmQFDhuAXQZKP/KCV2ogG7R/VcHj1a2ETjRFMQxtQUaWtCmpDYw7URD4CuRNy9LBTylNASfFCHLAEc9MWqFD1Alj63o+WsqBP/h81Vs7nH6PnXQg9+fOCpMyQIDAQAB
generated extension id from header key:   pmbpejfiehgdfknfkpdphoaohammickm
generated extension id from manifest key: odfafepnkmbhccpbejgmiehpchacaeak
May 01, 2023 10:21:09 A.M. org.openqa.selenium.devtools.CdpVersionFinder findNearestMatch
WARNING: Unable to find an exact match for CDP version 112, so returning the closest version found: 111
]]></system-err>
  </testcase>
</testsuite>